GO111MODULE=on go test -v --count=1 --parallel=1 -p=1 ./raft -run 2AB
=== RUN   TestLeaderStartReplication2AB
--- PASS: TestLeaderStartReplication2AB (0.00s)
=== RUN   TestLeaderCommitEntry2AB
--- PASS: TestLeaderCommitEntry2AB (0.00s)
=== RUN   TestLeaderAcknowledgeCommit2AB
--- PASS: TestLeaderAcknowledgeCommit2AB (0.00s)
=== RUN   TestLeaderCommitPrecedingEntries2AB
--- PASS: TestLeaderCommitPrecedingEntries2AB (0.00s)
=== RUN   TestFollowerCommitEntry2AB
--- PASS: TestFollowerCommitEntry2AB (0.00s)
=== RUN   TestFollowerCheckMessageType_MsgAppend2AB
--- PASS: TestFollowerCheckMessageType_MsgAppend2AB (0.00s)
=== RUN   TestFollowerAppendEntries2AB
--- PASS: TestFollowerAppendEntries2AB (0.00s)
=== RUN   TestLeaderSyncFollowerLog2AB
2022/09/09 16:11:33 raft_test.go:1608: [0;37m[info] {MsgHup 1 1 0 0 0 [] 0 <nil> false {} [] 0}[0m
2022/09/09 16:11:33 raft_test.go:1608: [0;37m[info] {MsgRequestVote 2 1 9 6 10 [] 0 <nil> false {} [] 0}[0m
2022/09/09 16:11:33 raft_test.go:1608: [0;37m[info] {MsgRequestVote 3 1 9 6 10 [] 0 <nil> false {} [] 0}[0m
2022/09/09 16:11:33 raft_test.go:1608: [0;37m[info] {MsgRequestVoteResponse 1 2 9 0 0 [] 0 <nil> false {} [] 0}[0m
2022/09/09 16:11:33 raft_test.go:1608: [0;37m[info] {MsgAppend 2 1 9 0 0 [term:1 index:1  term:1 index:2  term:1 index:3  term:4 index:4  term:4 index:5  term:5 index:6  term:5 index:7  term:6 index:8  term:6 index:9  term:6 index:10  term:9 index:11 ] 10 <nil> false {} [] 0}[0m
2022/09/09 16:11:33 raft_test.go:1608: [0;37m[info] {MsgAppend 3 1 9 0 0 [term:1 index:1  term:1 index:2  term:1 index:3  term:4 index:4  term:4 index:5  term:5 index:6  term:5 index:7  term:6 index:8  term:6 index:9  term:6 index:10  term:9 index:11 ] 10 <nil> false {} [] 0}[0m
2022/09/09 16:11:33 raft_test.go:1608: [0;37m[info] {MsgAppendResponse 1 2 9 0 11 [] 0 <nil> false {} [] 0}[0m
2022/09/09 16:11:33 raft_test.go:1608: [0;37m[info] {MsgAppend 2 1 9 9 11 [] 11 <nil> false {} [] 0}[0m
2022/09/09 16:11:33 raft_test.go:1608: [0;37m[info] {MsgAppend 3 1 9 0 0 [term:1 index:1  term:1 index:2  term:1 index:3  term:4 index:4  term:4 index:5  term:5 index:6  term:5 index:7  term:6 index:8  term:6 index:9  term:6 index:10  term:9 index:11 ] 11 <nil> false {} [] 0}[0m
2022/09/09 16:11:33 raft_test.go:1608: [0;37m[info] {MsgAppendResponse 1 2 9 0 11 [] 0 <nil> false {} [] 0}[0m
2022/09/09 16:11:33 raft_test.go:1608: [0;37m[info] {MsgRequestVoteResponse 1 3 9 0 0 [] 0 <nil> false {} [] 0}[0m
2022/09/09 16:11:33 raft_test.go:1608: [0;37m[info] {MsgPropose 1 1 0 0 0 [] 0 <nil> false {} [] 0}[0m
2022/09/09 16:11:33 raft_test.go:1608: [0;37m[info] {MsgAppend 2 1 9 9 11 [term:9 index:12 ] 11 <nil> false {} [] 0}[0m
2022/09/09 16:11:33 raft_test.go:1608: [0;37m[info] {MsgAppend 3 1 9 0 0 [term:1 index:1  term:1 index:2  term:1 index:3  term:4 index:4  term:4 index:5  term:5 index:6  term:5 index:7  term:6 index:8  term:6 index:9  term:6 index:10  term:9 index:11  term:9 index:12 ] 11 <nil> false {} [] 0}[0m
2022/09/09 16:11:33 raft_test.go:1608: [0;37m[info] {MsgAppendResponse 1 2 9 0 12 [] 0 <nil> false {} [] 0}[0m
2022/09/09 16:11:33 raft_test.go:1608: [0;37m[info] {MsgAppend 2 1 9 9 12 [] 12 <nil> false {} [] 0}[0m
2022/09/09 16:11:33 raft_test.go:1608: [0;37m[info] {MsgAppend 3 1 9 0 0 [term:1 index:1  term:1 index:2  term:1 index:3  term:4 index:4  term:4 index:5  term:5 index:6  term:5 index:7  term:6 index:8  term:6 index:9  term:6 index:10  term:9 index:11  term:9 index:12 ] 12 <nil> false {} [] 0}[0m
2022/09/09 16:11:33 raft_test.go:1608: [0;37m[info] {MsgAppendResponse 1 2 9 0 12 [] 0 <nil> false {} [] 0}[0m
2022/09/09 16:11:33 raft_test.go:1608: [0;37m[info] {MsgHup 1 1 0 0 0 [] 0 <nil> false {} [] 0}[0m
2022/09/09 16:11:33 raft_test.go:1608: [0;37m[info] {MsgRequestVote 2 1 9 6 10 [] 0 <nil> false {} [] 0}[0m
2022/09/09 16:11:33 raft_test.go:1608: [0;37m[info] {MsgRequestVote 3 1 9 6 10 [] 0 <nil> false {} [] 0}[0m
2022/09/09 16:11:33 raft_test.go:1608: [0;37m[info] {MsgRequestVoteResponse 1 2 9 0 0 [] 0 <nil> false {} [] 0}[0m
2022/09/09 16:11:33 raft_test.go:1608: [0;37m[info] {MsgAppend 2 1 9 0 0 [term:1 index:1  term:1 index:2  term:1 index:3  term:4 index:4  term:4 index:5  term:5 index:6  term:5 index:7  term:6 index:8  term:6 index:9  term:6 index:10  term:9 index:11 ] 10 <nil> false {} [] 0}[0m
2022/09/09 16:11:33 raft_test.go:1608: [0;37m[info] {MsgAppend 3 1 9 0 0 [term:1 index:1  term:1 index:2  term:1 index:3  term:4 index:4  term:4 index:5  term:5 index:6  term:5 index:7  term:6 index:8  term:6 index:9  term:6 index:10  term:9 index:11 ] 10 <nil> false {} [] 0}[0m
2022/09/09 16:11:33 raft_test.go:1608: [0;37m[info] {MsgAppendResponse 1 2 9 0 11 [] 0 <nil> false {} [] 0}[0m
2022/09/09 16:11:33 raft_test.go:1608: [0;37m[info] {MsgAppend 3 1 9 0 0 [term:1 index:1  term:1 index:2  term:1 index:3  term:4 index:4  term:4 index:5  term:5 index:6  term:5 index:7  term:6 index:8  term:6 index:9  term:6 index:10  term:9 index:11 ] 11 <nil> false {} [] 0}[0m
2022/09/09 16:11:33 raft_test.go:1608: [0;37m[info] {MsgAppend 2 1 9 9 11 [] 11 <nil> false {} [] 0}[0m
2022/09/09 16:11:33 raft_test.go:1608: [0;37m[info] {MsgAppendResponse 1 2 9 0 11 [] 0 <nil> false {} [] 0}[0m
2022/09/09 16:11:33 raft_test.go:1608: [0;37m[info] {MsgRequestVoteResponse 1 3 9 0 0 [] 0 <nil> false {} [] 0}[0m
2022/09/09 16:11:33 raft_test.go:1608: [0;37m[info] {MsgPropose 1 1 0 0 0 [] 0 <nil> false {} [] 0}[0m
2022/09/09 16:11:33 raft_test.go:1608: [0;37m[info] {MsgAppend 2 1 9 9 11 [term:9 index:12 ] 11 <nil> false {} [] 0}[0m
2022/09/09 16:11:33 raft_test.go:1608: [0;37m[info] {MsgAppend 3 1 9 0 0 [term:1 index:1  term:1 index:2  term:1 index:3  term:4 index:4  term:4 index:5  term:5 index:6  term:5 index:7  term:6 index:8  term:6 index:9  term:6 index:10  term:9 index:11  term:9 index:12 ] 11 <nil> false {} [] 0}[0m
2022/09/09 16:11:33 raft_test.go:1608: [0;37m[info] {MsgAppendResponse 1 2 9 0 12 [] 0 <nil> false {} [] 0}[0m
2022/09/09 16:11:33 raft_test.go:1608: [0;37m[info] {MsgAppend 2 1 9 9 12 [] 12 <nil> false {} [] 0}[0m
2022/09/09 16:11:33 raft_test.go:1608: [0;37m[info] {MsgAppend 3 1 9 0 0 [term:1 index:1  term:1 index:2  term:1 index:3  term:4 index:4  term:4 index:5  term:5 index:6  term:5 index:7  term:6 index:8  term:6 index:9  term:6 index:10  term:9 index:11  term:9 index:12 ] 12 <nil> false {} [] 0}[0m
2022/09/09 16:11:33 raft_test.go:1608: [0;37m[info] {MsgAppendResponse 1 2 9 0 12 [] 0 <nil> false {} [] 0}[0m
2022/09/09 16:11:33 raft_test.go:1608: [0;37m[info] {MsgHup 1 1 0 0 0 [] 0 <nil> false {} [] 0}[0m
2022/09/09 16:11:33 raft_test.go:1608: [0;37m[info] {MsgRequestVote 2 1 9 6 10 [] 0 <nil> false {} [] 0}[0m
2022/09/09 16:11:33 raft_test.go:1608: [0;37m[info] {MsgRequestVote 3 1 9 6 10 [] 0 <nil> false {} [] 0}[0m
2022/09/09 16:11:33 raft_test.go:1608: [0;37m[info] {MsgRequestVoteResponse 1 2 9 0 0 [] 0 <nil> true {} [] 0}[0m
2022/09/09 16:11:33 raft_test.go:1608: [0;37m[info] {MsgRequestVoteResponse 1 3 9 0 0 [] 0 <nil> false {} [] 0}[0m
2022/09/09 16:11:33 raft_test.go:1608: [0;37m[info] {MsgAppend 2 1 9 0 0 [term:1 index:1  term:1 index:2  term:1 index:3  term:4 index:4  term:4 index:5  term:5 index:6  term:5 index:7  term:6 index:8  term:6 index:9  term:6 index:10  term:9 index:11 ] 10 <nil> false {} [] 0}[0m
2022/09/09 16:11:33 raft_test.go:1608: [0;37m[info] {MsgAppend 3 1 9 0 0 [term:1 index:1  term:1 index:2  term:1 index:3  term:4 index:4  term:4 index:5  term:5 index:6  term:5 index:7  term:6 index:8  term:6 index:9  term:6 index:10  term:9 index:11 ] 10 <nil> false {} [] 0}[0m
2022/09/09 16:11:33 raft_test.go:1608: [0;37m[info] {MsgAppendResponse 1 2 9 0 11 [] 0 <nil> false {} [] 0}[0m
2022/09/09 16:11:33 raft_test.go:1608: [0;37m[info] {MsgAppend 3 1 9 0 0 [term:1 index:1  term:1 index:2  term:1 index:3  term:4 index:4  term:4 index:5  term:5 index:6  term:5 index:7  term:6 index:8  term:6 index:9  term:6 index:10  term:9 index:11 ] 11 <nil> false {} [] 0}[0m
2022/09/09 16:11:33 raft_test.go:1608: [0;37m[info] {MsgAppend 2 1 9 9 11 [] 11 <nil> false {} [] 0}[0m
2022/09/09 16:11:33 raft_test.go:1608: [0;37m[info] {MsgAppendResponse 1 2 9 0 11 [] 0 <nil> false {} [] 0}[0m
2022/09/09 16:11:33 raft_test.go:1608: [0;37m[info] {MsgPropose 1 1 0 0 0 [] 0 <nil> false {} [] 0}[0m
2022/09/09 16:11:33 raft_test.go:1608: [0;37m[info] {MsgAppend 2 1 9 9 11 [term:9 index:12 ] 11 <nil> false {} [] 0}[0m
2022/09/09 16:11:33 raft_test.go:1608: [0;37m[info] {MsgAppend 3 1 9 0 0 [term:1 index:1  term:1 index:2  term:1 index:3  term:4 index:4  term:4 index:5  term:5 index:6  term:5 index:7  term:6 index:8  term:6 index:9  term:6 index:10  term:9 index:11  term:9 index:12 ] 11 <nil> false {} [] 0}[0m
2022/09/09 16:11:33 raft_test.go:1608: [0;37m[info] {MsgAppendResponse 1 2 9 0 12 [] 0 <nil> false {} [] 0}[0m
2022/09/09 16:11:33 raft_test.go:1608: [0;37m[info] {MsgAppend 2 1 9 9 12 [] 12 <nil> false {} [] 0}[0m
2022/09/09 16:11:33 raft_test.go:1608: [0;37m[info] {MsgAppend 3 1 9 0 0 [term:1 index:1  term:1 index:2  term:1 index:3  term:4 index:4  term:4 index:5  term:5 index:6  term:5 index:7  term:6 index:8  term:6 index:9  term:6 index:10  term:9 index:11  term:9 index:12 ] 12 <nil> false {} [] 0}[0m
2022/09/09 16:11:33 raft_test.go:1608: [0;37m[info] {MsgAppendResponse 1 2 9 0 12 [] 0 <nil> false {} [] 0}[0m
2022/09/09 16:11:33 raft_test.go:1608: [0;37m[info] {MsgHup 1 1 0 0 0 [] 0 <nil> false {} [] 0}[0m
2022/09/09 16:11:33 raft_test.go:1608: [0;37m[info] {MsgRequestVote 2 1 9 6 10 [] 0 <nil> false {} [] 0}[0m
2022/09/09 16:11:33 raft_test.go:1608: [0;37m[info] {MsgRequestVote 3 1 9 6 10 [] 0 <nil> false {} [] 0}[0m
2022/09/09 16:11:33 raft_test.go:1608: [0;37m[info] {MsgRequestVoteResponse 1 2 9 0 0 [] 0 <nil> true {} [] 0}[0m
2022/09/09 16:11:33 raft_test.go:1608: [0;37m[info] {MsgRequestVoteResponse 1 3 9 0 0 [] 0 <nil> false {} [] 0}[0m
2022/09/09 16:11:33 raft_test.go:1608: [0;37m[info] {MsgAppend 2 1 9 0 0 [term:1 index:1  term:1 index:2  term:1 index:3  term:4 index:4  term:4 index:5  term:5 index:6  term:5 index:7  term:6 index:8  term:6 index:9  term:6 index:10  term:9 index:11 ] 10 <nil> false {} [] 0}[0m
2022/09/09 16:11:33 raft_test.go:1608: [0;37m[info] {MsgAppend 3 1 9 0 0 [term:1 index:1  term:1 index:2  term:1 index:3  term:4 index:4  term:4 index:5  term:5 index:6  term:5 index:7  term:6 index:8  term:6 index:9  term:6 index:10  term:9 index:11 ] 10 <nil> false {} [] 0}[0m
2022/09/09 16:11:33 raft_test.go:1608: [0;37m[info] {MsgAppendResponse 1 2 9 0 11 [] 0 <nil> false {} [] 0}[0m
2022/09/09 16:11:33 raft_test.go:1608: [0;37m[info] {MsgAppend 2 1 9 9 11 [] 11 <nil> false {} [] 0}[0m
2022/09/09 16:11:33 raft_test.go:1608: [0;37m[info] {MsgAppend 3 1 9 0 0 [term:1 index:1  term:1 index:2  term:1 index:3  term:4 index:4  term:4 index:5  term:5 index:6  term:5 index:7  term:6 index:8  term:6 index:9  term:6 index:10  term:9 index:11 ] 11 <nil> false {} [] 0}[0m
2022/09/09 16:11:33 raft_test.go:1608: [0;37m[info] {MsgAppendResponse 1 2 9 0 11 [] 0 <nil> false {} [] 0}[0m
2022/09/09 16:11:33 raft_test.go:1608: [0;37m[info] {MsgPropose 1 1 0 0 0 [] 0 <nil> false {} [] 0}[0m
2022/09/09 16:11:33 raft_test.go:1608: [0;37m[info] {MsgAppend 2 1 9 9 11 [term:9 index:12 ] 11 <nil> false {} [] 0}[0m
2022/09/09 16:11:33 raft_test.go:1608: [0;37m[info] {MsgAppend 3 1 9 0 0 [term:1 index:1  term:1 index:2  term:1 index:3  term:4 index:4  term:4 index:5  term:5 index:6  term:5 index:7  term:6 index:8  term:6 index:9  term:6 index:10  term:9 index:11  term:9 index:12 ] 11 <nil> false {} [] 0}[0m
2022/09/09 16:11:33 raft_test.go:1608: [0;37m[info] {MsgAppendResponse 1 2 9 0 12 [] 0 <nil> false {} [] 0}[0m
2022/09/09 16:11:33 raft_test.go:1608: [0;37m[info] {MsgAppend 2 1 9 9 12 [] 12 <nil> false {} [] 0}[0m
2022/09/09 16:11:33 raft_test.go:1608: [0;37m[info] {MsgAppend 3 1 9 0 0 [term:1 index:1  term:1 index:2  term:1 index:3  term:4 index:4  term:4 index:5  term:5 index:6  term:5 index:7  term:6 index:8  term:6 index:9  term:6 index:10  term:9 index:11  term:9 index:12 ] 12 <nil> false {} [] 0}[0m
2022/09/09 16:11:33 raft_test.go:1608: [0;37m[info] {MsgAppendResponse 1 2 9 0 12 [] 0 <nil> false {} [] 0}[0m
2022/09/09 16:11:33 raft_test.go:1608: [0;37m[info] {MsgHup 1 1 0 0 0 [] 0 <nil> false {} [] 0}[0m
2022/09/09 16:11:33 raft_test.go:1608: [0;37m[info] {MsgRequestVote 3 1 9 6 10 [] 0 <nil> false {} [] 0}[0m
2022/09/09 16:11:33 raft_test.go:1608: [0;37m[info] {MsgRequestVote 2 1 9 6 10 [] 0 <nil> false {} [] 0}[0m
2022/09/09 16:11:33 raft_test.go:1608: [0;37m[info] {MsgRequestVoteResponse 1 2 9 0 0 [] 0 <nil> false {} [] 0}[0m
2022/09/09 16:11:33 raft_test.go:1608: [0;37m[info] {MsgAppend 2 1 9 0 0 [term:1 index:1  term:1 index:2  term:1 index:3  term:4 index:4  term:4 index:5  term:5 index:6  term:5 index:7  term:6 index:8  term:6 index:9  term:6 index:10  term:9 index:11 ] 10 <nil> false {} [] 0}[0m
2022/09/09 16:11:33 raft_test.go:1608: [0;37m[info] {MsgAppend 3 1 9 0 0 [term:1 index:1  term:1 index:2  term:1 index:3  term:4 index:4  term:4 index:5  term:5 index:6  term:5 index:7  term:6 index:8  term:6 index:9  term:6 index:10  term:9 index:11 ] 10 <nil> false {} [] 0}[0m
2022/09/09 16:11:33 raft_test.go:1608: [0;37m[info] {MsgAppendResponse 1 2 9 0 11 [] 0 <nil> false {} [] 0}[0m
2022/09/09 16:11:33 raft_test.go:1608: [0;37m[info] {MsgAppend 2 1 9 9 11 [] 11 <nil> false {} [] 0}[0m
2022/09/09 16:11:33 raft_test.go:1608: [0;37m[info] {MsgAppend 3 1 9 0 0 [term:1 index:1  term:1 index:2  term:1 index:3  term:4 index:4  term:4 index:5  term:5 index:6  term:5 index:7  term:6 index:8  term:6 index:9  term:6 index:10  term:9 index:11 ] 11 <nil> false {} [] 0}[0m
2022/09/09 16:11:33 raft_test.go:1608: [0;37m[info] {MsgAppendResponse 1 2 9 0 11 [] 0 <nil> false {} [] 0}[0m
2022/09/09 16:11:33 raft_test.go:1608: [0;37m[info] {MsgRequestVoteResponse 1 3 9 0 0 [] 0 <nil> false {} [] 0}[0m
2022/09/09 16:11:33 raft_test.go:1608: [0;37m[info] {MsgPropose 1 1 0 0 0 [] 0 <nil> false {} [] 0}[0m
2022/09/09 16:11:33 raft_test.go:1608: [0;37m[info] {MsgAppend 2 1 9 9 11 [term:9 index:12 ] 11 <nil> false {} [] 0}[0m
2022/09/09 16:11:33 raft_test.go:1608: [0;37m[info] {MsgAppend 3 1 9 0 0 [term:1 index:1  term:1 index:2  term:1 index:3  term:4 index:4  term:4 index:5  term:5 index:6  term:5 index:7  term:6 index:8  term:6 index:9  term:6 index:10  term:9 index:11  term:9 index:12 ] 11 <nil> false {} [] 0}[0m
2022/09/09 16:11:33 raft_test.go:1608: [0;37m[info] {MsgAppendResponse 1 2 9 0 12 [] 0 <nil> false {} [] 0}[0m
2022/09/09 16:11:33 raft_test.go:1608: [0;37m[info] {MsgAppend 2 1 9 9 12 [] 12 <nil> false {} [] 0}[0m
2022/09/09 16:11:33 raft_test.go:1608: [0;37m[info] {MsgAppend 3 1 9 0 0 [term:1 index:1  term:1 index:2  term:1 index:3  term:4 index:4  term:4 index:5  term:5 index:6  term:5 index:7  term:6 index:8  term:6 index:9  term:6 index:10  term:9 index:11  term:9 index:12 ] 12 <nil> false {} [] 0}[0m
2022/09/09 16:11:33 raft_test.go:1608: [0;37m[info] {MsgAppendResponse 1 2 9 0 12 [] 0 <nil> false {} [] 0}[0m
2022/09/09 16:11:33 raft_test.go:1608: [0;37m[info] {MsgHup 1 1 0 0 0 [] 0 <nil> false {} [] 0}[0m
2022/09/09 16:11:33 raft_test.go:1608: [0;37m[info] {MsgRequestVote 2 1 9 6 10 [] 0 <nil> false {} [] 0}[0m
2022/09/09 16:11:33 raft_test.go:1608: [0;37m[info] {MsgRequestVote 3 1 9 6 10 [] 0 <nil> false {} [] 0}[0m
2022/09/09 16:11:33 raft_test.go:1608: [0;37m[info] {MsgRequestVoteResponse 1 2 9 0 0 [] 0 <nil> false {} [] 0}[0m
2022/09/09 16:11:33 raft_test.go:1608: [0;37m[info] {MsgAppend 2 1 9 0 0 [term:1 index:1  term:1 index:2  term:1 index:3  term:4 index:4  term:4 index:5  term:5 index:6  term:5 index:7  term:6 index:8  term:6 index:9  term:6 index:10  term:9 index:11 ] 10 <nil> false {} [] 0}[0m
2022/09/09 16:11:33 raft_test.go:1608: [0;37m[info] {MsgAppend 3 1 9 0 0 [term:1 index:1  term:1 index:2  term:1 index:3  term:4 index:4  term:4 index:5  term:5 index:6  term:5 index:7  term:6 index:8  term:6 index:9  term:6 index:10  term:9 index:11 ] 10 <nil> false {} [] 0}[0m
2022/09/09 16:11:33 raft_test.go:1608: [0;37m[info] {MsgAppendResponse 1 2 9 0 11 [] 0 <nil> false {} [] 0}[0m
2022/09/09 16:11:33 raft_test.go:1608: [0;37m[info] {MsgAppend 2 1 9 9 11 [] 11 <nil> false {} [] 0}[0m
2022/09/09 16:11:33 raft_test.go:1608: [0;37m[info] {MsgAppend 3 1 9 0 0 [term:1 index:1  term:1 index:2  term:1 index:3  term:4 index:4  term:4 index:5  term:5 index:6  term:5 index:7  term:6 index:8  term:6 index:9  term:6 index:10  term:9 index:11 ] 11 <nil> false {} [] 0}[0m
2022/09/09 16:11:33 raft_test.go:1608: [0;37m[info] {MsgAppendResponse 1 2 9 0 11 [] 0 <nil> false {} [] 0}[0m
2022/09/09 16:11:33 raft_test.go:1608: [0;37m[info] {MsgRequestVoteResponse 1 3 9 0 0 [] 0 <nil> false {} [] 0}[0m
2022/09/09 16:11:33 raft_test.go:1608: [0;37m[info] {MsgPropose 1 1 0 0 0 [] 0 <nil> false {} [] 0}[0m
2022/09/09 16:11:33 raft_test.go:1608: [0;37m[info] {MsgAppend 2 1 9 9 11 [term:9 index:12 ] 11 <nil> false {} [] 0}[0m
2022/09/09 16:11:33 raft_test.go:1608: [0;37m[info] {MsgAppend 3 1 9 0 0 [term:1 index:1  term:1 index:2  term:1 index:3  term:4 index:4  term:4 index:5  term:5 index:6  term:5 index:7  term:6 index:8  term:6 index:9  term:6 index:10  term:9 index:11  term:9 index:12 ] 11 <nil> false {} [] 0}[0m
2022/09/09 16:11:33 raft_test.go:1608: [0;37m[info] {MsgAppendResponse 1 2 9 0 12 [] 0 <nil> false {} [] 0}[0m
2022/09/09 16:11:33 raft_test.go:1608: [0;37m[info] {MsgAppend 2 1 9 9 12 [] 12 <nil> false {} [] 0}[0m
2022/09/09 16:11:33 raft_test.go:1608: [0;37m[info] {MsgAppend 3 1 9 0 0 [term:1 index:1  term:1 index:2  term:1 index:3  term:4 index:4  term:4 index:5  term:5 index:6  term:5 index:7  term:6 index:8  term:6 index:9  term:6 index:10  term:9 index:11  term:9 index:12 ] 12 <nil> false {} [] 0}[0m
2022/09/09 16:11:33 raft_test.go:1608: [0;37m[info] {MsgAppendResponse 1 2 9 0 12 [] 0 <nil> false {} [] 0}[0m
--- PASS: TestLeaderSyncFollowerLog2AB (0.00s)
=== RUN   TestVoteRequest2AB
--- PASS: TestVoteRequest2AB (0.00s)
=== RUN   TestLeaderOnlyCommitsLogFromCurrentTerm2AB
--- PASS: TestLeaderOnlyCommitsLogFromCurrentTerm2AB (0.00s)
=== RUN   TestProgressLeader2AB
--- PASS: TestProgressLeader2AB (0.00s)
=== RUN   TestLeaderElectionOverwriteNewerLogs2AB
2022/09/09 16:11:33 raft_test.go:1608: [0;37m[info] {MsgHup 1 1 0 0 0 [] 0 <nil> false {} [] 0}[0m
2022/09/09 16:11:33 raft_test.go:1608: [0;37m[info] {MsgRequestVote 2 1 2 1 1 [] 0 <nil> false {} [] 0}[0m
2022/09/09 16:11:33 raft_test.go:1608: [0;37m[info] {MsgRequestVote 3 1 2 1 1 [] 0 <nil> false {} [] 0}[0m
2022/09/09 16:11:33 raft_test.go:1608: [0;37m[info] {MsgRequestVote 4 1 2 1 1 [] 0 <nil> false {} [] 0}[0m
2022/09/09 16:11:33 raft_test.go:1608: [0;37m[info] {MsgRequestVote 5 1 2 1 1 [] 0 <nil> false {} [] 0}[0m
2022/09/09 16:11:33 raft_test.go:1608: [0;37m[info] {MsgRequestVoteResponse 1 2 2 0 0 [] 0 <nil> false {} [] 0}[0m
2022/09/09 16:11:33 raft_test.go:1608: [0;37m[info] {MsgRequestVoteResponse 1 3 2 0 0 [] 0 <nil> true {} [] 0}[0m
2022/09/09 16:11:33 raft_test.go:1608: [0;37m[info] {MsgRequestVoteResponse 1 4 2 0 0 [] 0 <nil> true {} [] 0}[0m
2022/09/09 16:11:33 raft_test.go:1608: [0;37m[info] {MsgRequestVoteResponse 1 5 2 0 0 [] 0 <nil> true {} [] 0}[0m
2022/09/09 16:11:33 raft_test.go:1608: [0;37m[info] {MsgHup 1 1 0 0 0 [] 0 <nil> false {} [] 0}[0m
2022/09/09 16:11:33 raft_test.go:1608: [0;37m[info] {MsgRequestVote 4 1 3 1 1 [] 0 <nil> false {} [] 0}[0m
2022/09/09 16:11:33 raft_test.go:1608: [0;37m[info] {MsgRequestVote 5 1 3 1 1 [] 0 <nil> false {} [] 0}[0m
2022/09/09 16:11:33 raft_test.go:1608: [0;37m[info] {MsgRequestVote 2 1 3 1 1 [] 0 <nil> false {} [] 0}[0m
2022/09/09 16:11:33 raft_test.go:1608: [0;37m[info] {MsgRequestVote 3 1 3 1 1 [] 0 <nil> false {} [] 0}[0m
2022/09/09 16:11:33 raft_test.go:1608: [0;37m[info] {MsgRequestVoteResponse 1 4 3 0 0 [] 0 <nil> false {} [] 0}[0m
2022/09/09 16:11:33 raft_test.go:1608: [0;37m[info] {MsgRequestVoteResponse 1 5 3 0 0 [] 0 <nil> false {} [] 0}[0m
2022/09/09 16:11:33 raft_test.go:1608: [0;37m[info] {MsgRequestVoteResponse 1 2 3 0 0 [] 0 <nil> false {} [] 0}[0m
2022/09/09 16:11:33 raft_test.go:1608: [0;37m[info] {MsgRequestVoteResponse 1 3 3 0 0 [] 0 <nil> true {} [] 0}[0m
2022/09/09 16:11:33 raft_test.go:1608: [0;37m[info] {MsgAppend 2 1 3 0 0 [term:1 index:1  term:3 index:2 ] 0 <nil> false {} [] 0}[0m
2022/09/09 16:11:33 raft_test.go:1608: [0;37m[info] {MsgAppend 3 1 3 0 0 [term:1 index:1  term:3 index:2 ] 0 <nil> false {} [] 0}[0m
2022/09/09 16:11:33 raft_test.go:1608: [0;37m[info] {MsgAppend 4 1 3 0 0 [term:1 index:1  term:3 index:2 ] 0 <nil> false {} [] 0}[0m
2022/09/09 16:11:33 raft_test.go:1608: [0;37m[info] {MsgAppend 5 1 3 0 0 [term:1 index:1  term:3 index:2 ] 0 <nil> false {} [] 0}[0m
2022/09/09 16:11:33 raft_test.go:1608: [0;37m[info] {MsgAppendResponse 1 2 3 0 2 [] 0 <nil> false {} [] 0}[0m
2022/09/09 16:11:33 raft_test.go:1608: [0;37m[info] {MsgAppendResponse 1 3 3 0 2 [] 0 <nil> false {} [] 0}[0m
2022/09/09 16:11:33 raft_test.go:1608: [0;37m[info] {MsgAppendResponse 1 4 3 0 2 [] 0 <nil> false {} [] 0}[0m
2022/09/09 16:11:33 raft_test.go:1608: [0;37m[info] {MsgAppendResponse 1 5 3 0 2 [] 0 <nil> false {} [] 0}[0m
2022/09/09 16:11:33 raft_test.go:1608: [0;37m[info] {MsgAppend 3 1 3 3 2 [] 2 <nil> false {} [] 0}[0m
2022/09/09 16:11:33 raft_test.go:1608: [0;37m[info] {MsgAppend 4 1 3 0 0 [term:1 index:1  term:3 index:2 ] 2 <nil> false {} [] 0}[0m
2022/09/09 16:11:33 raft_test.go:1608: [0;37m[info] {MsgAppend 5 1 3 0 0 [term:1 index:1  term:3 index:2 ] 2 <nil> false {} [] 0}[0m
2022/09/09 16:11:33 raft_test.go:1608: [0;37m[info] {MsgAppend 2 1 3 3 2 [] 2 <nil> false {} [] 0}[0m
2022/09/09 16:11:33 raft_test.go:1608: [0;37m[info] {MsgAppendResponse 1 3 3 0 2 [] 0 <nil> false {} [] 0}[0m
2022/09/09 16:11:33 raft_test.go:1608: [0;37m[info] {MsgAppendResponse 1 4 3 0 2 [] 0 <nil> false {} [] 0}[0m
2022/09/09 16:11:33 raft_test.go:1608: [0;37m[info] {MsgAppendResponse 1 5 3 0 2 [] 0 <nil> false {} [] 0}[0m
2022/09/09 16:11:33 raft_test.go:1608: [0;37m[info] {MsgAppendResponse 1 2 3 0 2 [] 0 <nil> false {} [] 0}[0m
--- PASS: TestLeaderElectionOverwriteNewerLogs2AB (0.00s)
=== RUN   TestLogReplication2AB
2022/09/09 16:11:33 raft_test.go:1608: [0;37m[info] {MsgHup 1 1 0 0 0 [] 0 <nil> false {} [] 0}[0m
2022/09/09 16:11:33 raft_test.go:1608: [0;37m[info] {MsgRequestVote 3 1 1 0 0 [] 0 <nil> false {} [] 0}[0m
2022/09/09 16:11:33 raft_test.go:1608: [0;37m[info] {MsgRequestVote 2 1 1 0 0 [] 0 <nil> false {} [] 0}[0m
2022/09/09 16:11:33 raft_test.go:1608: [0;37m[info] {MsgRequestVoteResponse 1 3 1 0 0 [] 0 <nil> false {} [] 0}[0m
2022/09/09 16:11:33 raft_test.go:1608: [0;37m[info] {MsgRequestVoteResponse 1 2 1 0 0 [] 0 <nil> false {} [] 0}[0m
2022/09/09 16:11:33 raft_test.go:1608: [0;37m[info] {MsgAppend 3 1 1 0 0 [term:1 index:1 ] 0 <nil> false {} [] 0}[0m
2022/09/09 16:11:33 raft_test.go:1608: [0;37m[info] {MsgAppend 2 1 1 0 0 [term:1 index:1 ] 0 <nil> false {} [] 0}[0m
2022/09/09 16:11:33 raft_test.go:1608: [0;37m[info] {MsgAppendResponse 1 3 1 0 1 [] 0 <nil> false {} [] 0}[0m
2022/09/09 16:11:33 raft_test.go:1608: [0;37m[info] {MsgAppendResponse 1 2 1 0 1 [] 0 <nil> false {} [] 0}[0m
2022/09/09 16:11:33 raft_test.go:1608: [0;37m[info] {MsgAppend 2 1 1 0 0 [term:1 index:1 ] 1 <nil> false {} [] 0}[0m
2022/09/09 16:11:33 raft_test.go:1608: [0;37m[info] {MsgAppend 3 1 1 1 1 [] 1 <nil> false {} [] 0}[0m
2022/09/09 16:11:33 raft_test.go:1608: [0;37m[info] {MsgAppendResponse 1 2 1 0 1 [] 0 <nil> false {} [] 0}[0m
2022/09/09 16:11:33 raft_test.go:1608: [0;37m[info] {MsgAppendResponse 1 3 1 0 1 [] 0 <nil> false {} [] 0}[0m
2022/09/09 16:11:33 raft_test.go:1608: [0;37m[info] {MsgPropose 1 1 0 0 0 [data:"somedata" ] 0 <nil> false {} [] 0}[0m
2022/09/09 16:11:33 raft_test.go:1608: [0;37m[info] {MsgAppend 2 1 1 1 1 [term:1 index:2 data:"somedata" ] 1 <nil> false {} [] 0}[0m
2022/09/09 16:11:33 raft_test.go:1608: [0;37m[info] {MsgAppend 3 1 1 1 1 [term:1 index:2 data:"somedata" ] 1 <nil> false {} [] 0}[0m
2022/09/09 16:11:33 raft_test.go:1608: [0;37m[info] {MsgAppendResponse 1 2 1 0 2 [] 0 <nil> false {} [] 0}[0m
2022/09/09 16:11:33 raft_test.go:1608: [0;37m[info] {MsgAppendResponse 1 3 1 0 2 [] 0 <nil> false {} [] 0}[0m
2022/09/09 16:11:33 raft_test.go:1608: [0;37m[info] {MsgAppend 2 1 1 1 2 [] 2 <nil> false {} [] 0}[0m
2022/09/09 16:11:33 raft_test.go:1608: [0;37m[info] {MsgAppend 3 1 1 1 1 [term:1 index:2 data:"somedata" ] 2 <nil> false {} [] 0}[0m
2022/09/09 16:11:33 raft_test.go:1608: [0;37m[info] {MsgAppendResponse 1 2 1 0 2 [] 0 <nil> false {} [] 0}[0m
2022/09/09 16:11:33 raft_test.go:1608: [0;37m[info] {MsgAppendResponse 1 3 1 0 2 [] 0 <nil> false {} [] 0}[0m
2022/09/09 16:11:33 raft_test.go:1608: [0;37m[info] {MsgHup 1 1 0 0 0 [] 0 <nil> false {} [] 0}[0m
2022/09/09 16:11:33 raft_test.go:1608: [0;37m[info] {MsgRequestVote 2 1 1 0 0 [] 0 <nil> false {} [] 0}[0m
2022/09/09 16:11:33 raft_test.go:1608: [0;37m[info] {MsgRequestVote 3 1 1 0 0 [] 0 <nil> false {} [] 0}[0m
2022/09/09 16:11:33 raft_test.go:1608: [0;37m[info] {MsgRequestVoteResponse 1 2 1 0 0 [] 0 <nil> false {} [] 0}[0m
2022/09/09 16:11:33 raft_test.go:1608: [0;37m[info] {MsgRequestVoteResponse 1 3 1 0 0 [] 0 <nil> false {} [] 0}[0m
2022/09/09 16:11:33 raft_test.go:1608: [0;37m[info] {MsgAppend 2 1 1 0 0 [term:1 index:1 ] 0 <nil> false {} [] 0}[0m
2022/09/09 16:11:33 raft_test.go:1608: [0;37m[info] {MsgAppend 3 1 1 0 0 [term:1 index:1 ] 0 <nil> false {} [] 0}[0m
2022/09/09 16:11:33 raft_test.go:1608: [0;37m[info] {MsgAppendResponse 1 2 1 0 1 [] 0 <nil> false {} [] 0}[0m
2022/09/09 16:11:33 raft_test.go:1608: [0;37m[info] {MsgAppendResponse 1 3 1 0 1 [] 0 <nil> false {} [] 0}[0m
2022/09/09 16:11:33 raft_test.go:1608: [0;37m[info] {MsgAppend 2 1 1 1 1 [] 1 <nil> false {} [] 0}[0m
2022/09/09 16:11:33 raft_test.go:1608: [0;37m[info] {MsgAppend 3 1 1 0 0 [term:1 index:1 ] 1 <nil> false {} [] 0}[0m
2022/09/09 16:11:33 raft_test.go:1608: [0;37m[info] {MsgAppendResponse 1 2 1 0 1 [] 0 <nil> false {} [] 0}[0m
2022/09/09 16:11:33 raft_test.go:1608: [0;37m[info] {MsgAppendResponse 1 3 1 0 1 [] 0 <nil> false {} [] 0}[0m
2022/09/09 16:11:33 raft_test.go:1608: [0;37m[info] {MsgPropose 1 1 0 0 0 [data:"somedata" ] 0 <nil> false {} [] 0}[0m
2022/09/09 16:11:33 raft_test.go:1608: [0;37m[info] {MsgAppend 3 1 1 1 1 [term:1 index:2 data:"somedata" ] 1 <nil> false {} [] 0}[0m
2022/09/09 16:11:33 raft_test.go:1608: [0;37m[info] {MsgAppend 2 1 1 1 1 [term:1 index:2 data:"somedata" ] 1 <nil> false {} [] 0}[0m
2022/09/09 16:11:33 raft_test.go:1608: [0;37m[info] {MsgAppendResponse 1 3 1 0 2 [] 0 <nil> false {} [] 0}[0m
2022/09/09 16:11:33 raft_test.go:1608: [0;37m[info] {MsgAppendResponse 1 2 1 0 2 [] 0 <nil> false {} [] 0}[0m
2022/09/09 16:11:33 raft_test.go:1608: [0;37m[info] {MsgAppend 3 1 1 1 2 [] 2 <nil> false {} [] 0}[0m
2022/09/09 16:11:33 raft_test.go:1608: [0;37m[info] {MsgAppend 2 1 1 1 1 [term:1 index:2 data:"somedata" ] 2 <nil> false {} [] 0}[0m
2022/09/09 16:11:33 raft_test.go:1608: [0;37m[info] {MsgAppendResponse 1 3 1 0 2 [] 0 <nil> false {} [] 0}[0m
2022/09/09 16:11:33 raft_test.go:1608: [0;37m[info] {MsgAppendResponse 1 2 1 0 2 [] 0 <nil> false {} [] 0}[0m
2022/09/09 16:11:33 raft_test.go:1608: [0;37m[info] {MsgHup 2 1 0 0 0 [] 0 <nil> false {} [] 0}[0m
2022/09/09 16:11:33 raft_test.go:1608: [0;37m[info] {MsgRequestVote 1 2 2 1 2 [] 0 <nil> false {} [] 0}[0m
2022/09/09 16:11:33 raft_test.go:1608: [0;37m[info] {MsgRequestVote 3 2 2 1 2 [] 0 <nil> false {} [] 0}[0m
2022/09/09 16:11:33 raft_test.go:1608: [0;37m[info] {MsgRequestVoteResponse 2 1 2 0 0 [] 0 <nil> false {} [] 0}[0m
2022/09/09 16:11:33 raft_test.go:1608: [0;37m[info] {MsgRequestVoteResponse 2 3 2 0 0 [] 0 <nil> false {} [] 0}[0m
2022/09/09 16:11:33 raft_test.go:1608: [0;37m[info] {MsgAppend 1 2 2 0 0 [term:1 index:1  term:1 index:2 data:"somedata"  term:2 index:3 ] 2 <nil> false {} [] 0}[0m
2022/09/09 16:11:33 raft_test.go:1608: [0;37m[info] {MsgAppend 3 2 2 0 0 [term:1 index:1  term:1 index:2 data:"somedata"  term:2 index:3 ] 2 <nil> false {} [] 0}[0m
2022/09/09 16:11:33 raft_test.go:1608: [0;37m[info] {MsgAppendResponse 2 1 2 0 3 [] 0 <nil> false {} [] 0}[0m
2022/09/09 16:11:33 raft_test.go:1608: [0;37m[info] {MsgAppendResponse 2 3 2 0 3 [] 0 <nil> false {} [] 0}[0m
2022/09/09 16:11:33 raft_test.go:1608: [0;37m[info] {MsgAppend 3 2 2 0 0 [term:1 index:1  term:1 index:2 data:"somedata"  term:2 index:3 ] 3 <nil> false {} [] 0}[0m
2022/09/09 16:11:33 raft_test.go:1608: [0;37m[info] {MsgAppend 1 2 2 2 3 [] 3 <nil> false {} [] 0}[0m
2022/09/09 16:11:33 raft_test.go:1608: [0;37m[info] {MsgAppendResponse 2 3 2 0 3 [] 0 <nil> false {} [] 0}[0m
2022/09/09 16:11:33 raft_test.go:1608: [0;37m[info] {MsgAppendResponse 2 1 2 0 3 [] 0 <nil> false {} [] 0}[0m
2022/09/09 16:11:33 raft_test.go:1608: [0;37m[info] {MsgPropose 2 1 0 0 0 [data:"somedata" ] 0 <nil> false {} [] 0}[0m
2022/09/09 16:11:33 raft_test.go:1608: [0;37m[info] {MsgAppend 1 2 2 2 3 [term:2 index:4 data:"somedata" ] 3 <nil> false {} [] 0}[0m
2022/09/09 16:11:33 raft_test.go:1608: [0;37m[info] {MsgAppend 3 2 2 2 3 [term:2 index:4 data:"somedata" ] 3 <nil> false {} [] 0}[0m
2022/09/09 16:11:33 raft_test.go:1608: [0;37m[info] {MsgAppendResponse 2 1 2 0 4 [] 0 <nil> false {} [] 0}[0m
2022/09/09 16:11:33 raft_test.go:1608: [0;37m[info] {MsgAppendResponse 2 3 2 0 4 [] 0 <nil> false {} [] 0}[0m
2022/09/09 16:11:33 raft_test.go:1608: [0;37m[info] {MsgAppend 1 2 2 2 4 [] 4 <nil> false {} [] 0}[0m
2022/09/09 16:11:33 raft_test.go:1608: [0;37m[info] {MsgAppend 3 2 2 2 3 [term:2 index:4 data:"somedata" ] 4 <nil> false {} [] 0}[0m
2022/09/09 16:11:33 raft_test.go:1608: [0;37m[info] {MsgAppendResponse 2 1 2 0 4 [] 0 <nil> false {} [] 0}[0m
2022/09/09 16:11:33 raft_test.go:1608: [0;37m[info] {MsgAppendResponse 2 3 2 0 4 [] 0 <nil> false {} [] 0}[0m
--- PASS: TestLogReplication2AB (0.00s)
=== RUN   TestSingleNodeCommit2AB
2022/09/09 16:11:33 raft_test.go:1608: [0;37m[info] {MsgHup 1 1 0 0 0 [] 0 <nil> false {} [] 0}[0m
2022/09/09 16:11:33 raft_test.go:1608: [0;37m[info] {MsgPropose 1 1 0 0 0 [data:"some data" ] 0 <nil> false {} [] 0}[0m
2022/09/09 16:11:33 raft_test.go:1608: [0;37m[info] {MsgPropose 1 1 0 0 0 [data:"some data" ] 0 <nil> false {} [] 0}[0m
--- PASS: TestSingleNodeCommit2AB (0.00s)
=== RUN   TestCommitWithoutNewTermEntry2AB
2022/09/09 16:11:33 raft_test.go:1608: [0;37m[info] {MsgHup 1 1 0 0 0 [] 0 <nil> false {} [] 0}[0m
2022/09/09 16:11:33 raft_test.go:1608: [0;37m[info] {MsgRequestVote 2 1 1 0 0 [] 0 <nil> false {} [] 0}[0m
2022/09/09 16:11:33 raft_test.go:1608: [0;37m[info] {MsgRequestVote 3 1 1 0 0 [] 0 <nil> false {} [] 0}[0m
2022/09/09 16:11:33 raft_test.go:1608: [0;37m[info] {MsgRequestVote 4 1 1 0 0 [] 0 <nil> false {} [] 0}[0m
2022/09/09 16:11:33 raft_test.go:1608: [0;37m[info] {MsgRequestVote 5 1 1 0 0 [] 0 <nil> false {} [] 0}[0m
2022/09/09 16:11:33 raft_test.go:1608: [0;37m[info] {MsgRequestVoteResponse 1 2 1 0 0 [] 0 <nil> false {} [] 0}[0m
2022/09/09 16:11:33 raft_test.go:1608: [0;37m[info] {MsgRequestVoteResponse 1 3 1 0 0 [] 0 <nil> false {} [] 0}[0m
2022/09/09 16:11:33 raft_test.go:1608: [0;37m[info] {MsgRequestVoteResponse 1 4 1 0 0 [] 0 <nil> false {} [] 0}[0m
2022/09/09 16:11:33 raft_test.go:1608: [0;37m[info] {MsgRequestVoteResponse 1 5 1 0 0 [] 0 <nil> false {} [] 0}[0m
2022/09/09 16:11:33 raft_test.go:1608: [0;37m[info] {MsgAppend 4 1 1 0 0 [term:1 index:1 ] 0 <nil> false {} [] 0}[0m
2022/09/09 16:11:33 raft_test.go:1608: [0;37m[info] {MsgAppend 5 1 1 0 0 [term:1 index:1 ] 0 <nil> false {} [] 0}[0m
2022/09/09 16:11:33 raft_test.go:1608: [0;37m[info] {MsgAppend 2 1 1 0 0 [term:1 index:1 ] 0 <nil> false {} [] 0}[0m
2022/09/09 16:11:33 raft_test.go:1608: [0;37m[info] {MsgAppend 3 1 1 0 0 [term:1 index:1 ] 0 <nil> false {} [] 0}[0m
2022/09/09 16:11:33 raft_test.go:1608: [0;37m[info] {MsgAppendResponse 1 4 1 0 1 [] 0 <nil> false {} [] 0}[0m
2022/09/09 16:11:33 raft_test.go:1608: [0;37m[info] {MsgAppendResponse 1 5 1 0 1 [] 0 <nil> false {} [] 0}[0m
2022/09/09 16:11:33 raft_test.go:1608: [0;37m[info] {MsgAppendResponse 1 2 1 0 1 [] 0 <nil> false {} [] 0}[0m
2022/09/09 16:11:33 raft_test.go:1608: [0;37m[info] {MsgAppendResponse 1 3 1 0 1 [] 0 <nil> false {} [] 0}[0m
2022/09/09 16:11:33 raft_test.go:1608: [0;37m[info] {MsgAppend 5 1 1 1 1 [] 1 <nil> false {} [] 0}[0m
2022/09/09 16:11:33 raft_test.go:1608: [0;37m[info] {MsgAppend 2 1 1 0 0 [term:1 index:1 ] 1 <nil> false {} [] 0}[0m
2022/09/09 16:11:33 raft_test.go:1608: [0;37m[info] {MsgAppend 3 1 1 0 0 [term:1 index:1 ] 1 <nil> false {} [] 0}[0m
2022/09/09 16:11:33 raft_test.go:1608: [0;37m[info] {MsgAppend 4 1 1 1 1 [] 1 <nil> false {} [] 0}[0m
2022/09/09 16:11:33 raft_test.go:1608: [0;37m[info] {MsgAppendResponse 1 5 1 0 1 [] 0 <nil> false {} [] 0}[0m
2022/09/09 16:11:33 raft_test.go:1608: [0;37m[info] {MsgAppendResponse 1 2 1 0 1 [] 0 <nil> false {} [] 0}[0m
2022/09/09 16:11:33 raft_test.go:1608: [0;37m[info] {MsgAppendResponse 1 3 1 0 1 [] 0 <nil> false {} [] 0}[0m
2022/09/09 16:11:33 raft_test.go:1608: [0;37m[info] {MsgAppendResponse 1 4 1 0 1 [] 0 <nil> false {} [] 0}[0m
2022/09/09 16:11:33 raft_test.go:1608: [0;37m[info] {MsgPropose 1 1 0 0 0 [data:"some data" ] 0 <nil> false {} [] 0}[0m
2022/09/09 16:11:33 raft_test.go:1608: [0;37m[info] {MsgAppend 2 1 1 1 1 [term:1 index:2 data:"some data" ] 1 <nil> false {} [] 0}[0m
2022/09/09 16:11:33 raft_test.go:1608: [0;37m[info] {MsgAppendResponse 1 2 1 0 2 [] 0 <nil> false {} [] 0}[0m
2022/09/09 16:11:33 raft_test.go:1608: [0;37m[info] {MsgPropose 1 1 0 0 0 [data:"some data" ] 0 <nil> false {} [] 0}[0m
2022/09/09 16:11:33 raft_test.go:1608: [0;37m[info] {MsgAppend 2 1 1 1 2 [term:1 index:3 data:"some data" ] 1 <nil> false {} [] 0}[0m
2022/09/09 16:11:33 raft_test.go:1608: [0;37m[info] {MsgAppendResponse 1 2 1 0 3 [] 0 <nil> false {} [] 0}[0m
2022/09/09 16:11:33 raft_test.go:1608: [0;37m[info] {MsgHup 2 2 0 0 0 [] 0 <nil> false {} [] 0}[0m
2022/09/09 16:11:33 raft_test.go:1608: [0;37m[info] {MsgRequestVote 1 2 2 1 3 [] 0 <nil> false {} [] 0}[0m
2022/09/09 16:11:33 raft_test.go:1608: [0;37m[info] {MsgRequestVote 3 2 2 1 3 [] 0 <nil> false {} [] 0}[0m
2022/09/09 16:11:33 raft_test.go:1608: [0;37m[info] {MsgRequestVote 4 2 2 1 3 [] 0 <nil> false {} [] 0}[0m
2022/09/09 16:11:33 raft_test.go:1608: [0;37m[info] {MsgRequestVote 5 2 2 1 3 [] 0 <nil> false {} [] 0}[0m
2022/09/09 16:11:33 raft_test.go:1608: [0;37m[info] {MsgRequestVoteResponse 2 1 2 0 0 [] 0 <nil> false {} [] 0}[0m
2022/09/09 16:11:33 raft_test.go:1608: [0;37m[info] {MsgRequestVoteResponse 2 3 2 0 0 [] 0 <nil> false {} [] 0}[0m
2022/09/09 16:11:33 raft_test.go:1608: [0;37m[info] {MsgRequestVoteResponse 2 4 2 0 0 [] 0 <nil> false {} [] 0}[0m
2022/09/09 16:11:33 raft_test.go:1608: [0;37m[info] {MsgRequestVoteResponse 2 5 2 0 0 [] 0 <nil> false {} [] 0}[0m
2022/09/09 16:11:33 raft_test.go:1608: [0;37m[info] {MsgAppend 1 2 2 0 0 [term:1 index:1  term:1 index:2 data:"some data"  term:1 index:3 data:"some data"  term:2 index:4 ] 1 <nil> false {} [] 0}[0m
2022/09/09 16:11:33 raft_test.go:1608: [0;37m[info] {MsgAppend 3 2 2 0 0 [term:1 index:1  term:1 index:2 data:"some data"  term:1 index:3 data:"some data"  term:2 index:4 ] 1 <nil> false {} [] 0}[0m
2022/09/09 16:11:33 raft_test.go:1608: [0;37m[info] {MsgAppend 4 2 2 0 0 [term:1 index:1  term:1 index:2 data:"some data"  term:1 index:3 data:"some data"  term:2 index:4 ] 1 <nil> false {} [] 0}[0m
2022/09/09 16:11:33 raft_test.go:1608: [0;37m[info] {MsgAppend 5 2 2 0 0 [term:1 index:1  term:1 index:2 data:"some data"  term:1 index:3 data:"some data"  term:2 index:4 ] 1 <nil> false {} [] 0}[0m
2022/09/09 16:11:33 raft_test.go:1608: [0;37m[info] {MsgAppendResponse 2 1 2 0 4 [] 0 <nil> false {} [] 0}[0m
2022/09/09 16:11:33 raft_test.go:1608: [0;37m[info] {MsgAppendResponse 2 3 2 0 4 [] 0 <nil> false {} [] 0}[0m
2022/09/09 16:11:33 raft_test.go:1608: [0;37m[info] {MsgAppendResponse 2 4 2 0 4 [] 0 <nil> false {} [] 0}[0m
2022/09/09 16:11:33 raft_test.go:1608: [0;37m[info] {MsgAppendResponse 2 5 2 0 4 [] 0 <nil> false {} [] 0}[0m
2022/09/09 16:11:33 raft_test.go:1608: [0;37m[info] {MsgAppend 4 2 2 0 0 [term:1 index:1  term:1 index:2 data:"some data"  term:1 index:3 data:"some data"  term:2 index:4 ] 4 <nil> false {} [] 0}[0m
2022/09/09 16:11:33 raft_test.go:1608: [0;37m[info] {MsgAppend 5 2 2 0 0 [term:1 index:1  term:1 index:2 data:"some data"  term:1 index:3 data:"some data"  term:2 index:4 ] 4 <nil> false {} [] 0}[0m
2022/09/09 16:11:33 raft_test.go:1608: [0;37m[info] {MsgAppend 1 2 2 2 4 [] 4 <nil> false {} [] 0}[0m
2022/09/09 16:11:33 raft_test.go:1608: [0;37m[info] {MsgAppend 3 2 2 2 4 [] 4 <nil> false {} [] 0}[0m
2022/09/09 16:11:33 raft_test.go:1608: [0;37m[info] {MsgAppendResponse 2 4 2 0 4 [] 0 <nil> false {} [] 0}[0m
2022/09/09 16:11:33 raft_test.go:1608: [0;37m[info] {MsgAppendResponse 2 5 2 0 4 [] 0 <nil> false {} [] 0}[0m
2022/09/09 16:11:33 raft_test.go:1608: [0;37m[info] {MsgAppendResponse 2 1 2 0 4 [] 0 <nil> false {} [] 0}[0m
2022/09/09 16:11:33 raft_test.go:1608: [0;37m[info] {MsgAppendResponse 2 3 2 0 4 [] 0 <nil> false {} [] 0}[0m
--- PASS: TestCommitWithoutNewTermEntry2AB (0.00s)
=== RUN   TestCommitWithHeartbeat2AB
2022/09/09 16:11:33 raft_test.go:1608: [0;37m[info] {MsgHup 1 1 0 0 0 [] 0 <nil> false {} [] 0}[0m
2022/09/09 16:11:33 raft_test.go:1608: [0;37m[info] {MsgRequestVote 2 1 1 0 0 [] 0 <nil> false {} [] 0}[0m
2022/09/09 16:11:33 raft_test.go:1608: [0;37m[info] {MsgRequestVote 3 1 1 0 0 [] 0 <nil> false {} [] 0}[0m
2022/09/09 16:11:33 raft_test.go:1608: [0;37m[info] {MsgRequestVote 4 1 1 0 0 [] 0 <nil> false {} [] 0}[0m
2022/09/09 16:11:33 raft_test.go:1608: [0;37m[info] {MsgRequestVote 5 1 1 0 0 [] 0 <nil> false {} [] 0}[0m
2022/09/09 16:11:33 raft_test.go:1608: [0;37m[info] {MsgRequestVoteResponse 1 2 1 0 0 [] 0 <nil> false {} [] 0}[0m
2022/09/09 16:11:33 raft_test.go:1608: [0;37m[info] {MsgRequestVoteResponse 1 3 1 0 0 [] 0 <nil> false {} [] 0}[0m
2022/09/09 16:11:33 raft_test.go:1608: [0;37m[info] {MsgRequestVoteResponse 1 4 1 0 0 [] 0 <nil> false {} [] 0}[0m
2022/09/09 16:11:33 raft_test.go:1608: [0;37m[info] {MsgRequestVoteResponse 1 5 1 0 0 [] 0 <nil> false {} [] 0}[0m
2022/09/09 16:11:33 raft_test.go:1608: [0;37m[info] {MsgAppend 4 1 1 0 0 [term:1 index:1 ] 0 <nil> false {} [] 0}[0m
2022/09/09 16:11:33 raft_test.go:1608: [0;37m[info] {MsgAppend 5 1 1 0 0 [term:1 index:1 ] 0 <nil> false {} [] 0}[0m
2022/09/09 16:11:33 raft_test.go:1608: [0;37m[info] {MsgAppend 2 1 1 0 0 [term:1 index:1 ] 0 <nil> false {} [] 0}[0m
2022/09/09 16:11:33 raft_test.go:1608: [0;37m[info] {MsgAppend 3 1 1 0 0 [term:1 index:1 ] 0 <nil> false {} [] 0}[0m
2022/09/09 16:11:33 raft_test.go:1608: [0;37m[info] {MsgAppendResponse 1 4 1 0 1 [] 0 <nil> false {} [] 0}[0m
2022/09/09 16:11:33 raft_test.go:1608: [0;37m[info] {MsgAppendResponse 1 5 1 0 1 [] 0 <nil> false {} [] 0}[0m
2022/09/09 16:11:33 raft_test.go:1608: [0;37m[info] {MsgAppendResponse 1 2 1 0 1 [] 0 <nil> false {} [] 0}[0m
2022/09/09 16:11:33 raft_test.go:1608: [0;37m[info] {MsgAppendResponse 1 3 1 0 1 [] 0 <nil> false {} [] 0}[0m
2022/09/09 16:11:33 raft_test.go:1608: [0;37m[info] {MsgAppend 5 1 1 1 1 [] 1 <nil> false {} [] 0}[0m
2022/09/09 16:11:33 raft_test.go:1608: [0;37m[info] {MsgAppend 2 1 1 0 0 [term:1 index:1 ] 1 <nil> false {} [] 0}[0m
2022/09/09 16:11:33 raft_test.go:1608: [0;37m[info] {MsgAppend 3 1 1 0 0 [term:1 index:1 ] 1 <nil> false {} [] 0}[0m
2022/09/09 16:11:33 raft_test.go:1608: [0;37m[info] {MsgAppend 4 1 1 1 1 [] 1 <nil> false {} [] 0}[0m
2022/09/09 16:11:33 raft_test.go:1608: [0;37m[info] {MsgAppendResponse 1 5 1 0 1 [] 0 <nil> false {} [] 0}[0m
2022/09/09 16:11:33 raft_test.go:1608: [0;37m[info] {MsgAppendResponse 1 2 1 0 1 [] 0 <nil> false {} [] 0}[0m
2022/09/09 16:11:33 raft_test.go:1608: [0;37m[info] {MsgAppendResponse 1 3 1 0 1 [] 0 <nil> false {} [] 0}[0m
2022/09/09 16:11:33 raft_test.go:1608: [0;37m[info] {MsgAppendResponse 1 4 1 0 1 [] 0 <nil> false {} [] 0}[0m
2022/09/09 16:11:33 raft_test.go:1608: [0;37m[info] {MsgPropose 1 1 0 0 0 [data:"some data" ] 0 <nil> false {} [] 0}[0m
2022/09/09 16:11:33 raft_test.go:1608: [0;37m[info] {MsgAppend 2 1 1 1 1 [term:1 index:2 data:"some data" ] 1 <nil> false {} [] 0}[0m
2022/09/09 16:11:33 raft_test.go:1608: [0;37m[info] {MsgAppend 3 1 1 1 1 [term:1 index:2 data:"some data" ] 1 <nil> false {} [] 0}[0m
2022/09/09 16:11:33 raft_test.go:1608: [0;37m[info] {MsgAppend 4 1 1 1 1 [term:1 index:2 data:"some data" ] 1 <nil> false {} [] 0}[0m
2022/09/09 16:11:33 raft_test.go:1608: [0;37m[info] {MsgAppendResponse 1 2 1 0 2 [] 0 <nil> false {} [] 0}[0m
2022/09/09 16:11:33 raft_test.go:1608: [0;37m[info] {MsgAppendResponse 1 3 1 0 2 [] 0 <nil> false {} [] 0}[0m
2022/09/09 16:11:33 raft_test.go:1608: [0;37m[info] {MsgAppendResponse 1 4 1 0 2 [] 0 <nil> false {} [] 0}[0m
2022/09/09 16:11:33 raft_test.go:1608: [0;37m[info] {MsgAppend 4 1 1 1 1 [term:1 index:2 data:"some data" ] 2 <nil> false {} [] 0}[0m
2022/09/09 16:11:33 raft_test.go:1608: [0;37m[info] {MsgAppend 2 1 1 1 2 [] 2 <nil> false {} [] 0}[0m
2022/09/09 16:11:33 raft_test.go:1608: [0;37m[info] {MsgAppend 3 1 1 1 2 [] 2 <nil> false {} [] 0}[0m
2022/09/09 16:11:33 raft_test.go:1608: [0;37m[info] {MsgAppendResponse 1 4 1 0 2 [] 0 <nil> false {} [] 0}[0m
2022/09/09 16:11:33 raft_test.go:1608: [0;37m[info] {MsgAppendResponse 1 2 1 0 2 [] 0 <nil> false {} [] 0}[0m
2022/09/09 16:11:33 raft_test.go:1608: [0;37m[info] {MsgAppendResponse 1 3 1 0 2 [] 0 <nil> false {} [] 0}[0m
2022/09/09 16:11:33 raft_test.go:1608: [0;37m[info] {MsgPropose 1 1 0 0 0 [data:"some data" ] 0 <nil> false {} [] 0}[0m
2022/09/09 16:11:33 raft_test.go:1608: [0;37m[info] {MsgAppend 3 1 1 1 2 [term:1 index:3 data:"some data" ] 2 <nil> false {} [] 0}[0m
2022/09/09 16:11:33 raft_test.go:1608: [0;37m[info] {MsgAppend 4 1 1 1 2 [term:1 index:3 data:"some data" ] 2 <nil> false {} [] 0}[0m
2022/09/09 16:11:33 raft_test.go:1608: [0;37m[info] {MsgAppend 2 1 1 1 2 [term:1 index:3 data:"some data" ] 2 <nil> false {} [] 0}[0m
2022/09/09 16:11:33 raft_test.go:1608: [0;37m[info] {MsgAppendResponse 1 3 1 0 3 [] 0 <nil> false {} [] 0}[0m
2022/09/09 16:11:33 raft_test.go:1608: [0;37m[info] {MsgAppendResponse 1 4 1 0 3 [] 0 <nil> false {} [] 0}[0m
2022/09/09 16:11:33 raft_test.go:1608: [0;37m[info] {MsgAppendResponse 1 2 1 0 3 [] 0 <nil> false {} [] 0}[0m
2022/09/09 16:11:33 raft_test.go:1608: [0;37m[info] {MsgAppend 2 1 1 1 2 [term:1 index:3 data:"some data" ] 3 <nil> false {} [] 0}[0m
2022/09/09 16:11:33 raft_test.go:1608: [0;37m[info] {MsgAppend 3 1 1 1 3 [] 3 <nil> false {} [] 0}[0m
2022/09/09 16:11:33 raft_test.go:1608: [0;37m[info] {MsgAppend 4 1 1 1 3 [] 3 <nil> false {} [] 0}[0m
2022/09/09 16:11:33 raft_test.go:1608: [0;37m[info] {MsgAppendResponse 1 2 1 0 3 [] 0 <nil> false {} [] 0}[0m
2022/09/09 16:11:33 raft_test.go:1608: [0;37m[info] {MsgAppendResponse 1 3 1 0 3 [] 0 <nil> false {} [] 0}[0m
2022/09/09 16:11:33 raft_test.go:1608: [0;37m[info] {MsgAppendResponse 1 4 1 0 3 [] 0 <nil> false {} [] 0}[0m
2022/09/09 16:11:33 raft_test.go:1608: [0;37m[info] {MsgBeat 1 1 0 0 0 [] 0 <nil> false {} [] 0}[0m
2022/09/09 16:11:33 raft_test.go:1608: [0;37m[info] {MsgHeartbeat 3 1 1 0 0 [] 3 <nil> false {} [] 0}[0m
2022/09/09 16:11:33 raft_test.go:1608: [0;37m[info] {MsgHeartbeat 4 1 1 0 0 [] 3 <nil> false {} [] 0}[0m
2022/09/09 16:11:33 raft_test.go:1608: [0;37m[info] {MsgHeartbeat 5 1 1 0 0 [] 3 <nil> false {} [] 0}[0m
2022/09/09 16:11:33 raft_test.go:1608: [0;37m[info] {MsgHeartbeat 2 1 1 0 0 [] 3 <nil> false {} [] 0}[0m
--- PASS: TestCommitWithHeartbeat2AB (0.00s)
=== RUN   TestDuelingCandidates2AB
2022/09/09 16:11:33 raft_test.go:1608: [0;37m[info] {MsgHup 1 1 0 0 0 [] 0 <nil> false {} [] 0}[0m
2022/09/09 16:11:33 raft_test.go:1608: [0;37m[info] {MsgRequestVote 2 1 1 0 0 [] 0 <nil> false {} [] 0}[0m
2022/09/09 16:11:33 raft_test.go:1608: [0;37m[info] {MsgRequestVoteResponse 1 2 1 0 0 [] 0 <nil> false {} [] 0}[0m
2022/09/09 16:11:33 raft_test.go:1608: [0;37m[info] {MsgAppend 2 1 1 0 0 [term:1 index:1 ] 0 <nil> false {} [] 0}[0m
2022/09/09 16:11:33 raft_test.go:1608: [0;37m[info] {MsgAppendResponse 1 2 1 0 1 [] 0 <nil> false {} [] 0}[0m
2022/09/09 16:11:33 raft_test.go:1608: [0;37m[info] {MsgAppend 2 1 1 1 1 [] 1 <nil> false {} [] 0}[0m
2022/09/09 16:11:33 raft_test.go:1608: [0;37m[info] {MsgAppendResponse 1 2 1 0 1 [] 0 <nil> false {} [] 0}[0m
2022/09/09 16:11:33 raft_test.go:1608: [0;37m[info] {MsgHup 3 3 0 0 0 [] 0 <nil> false {} [] 0}[0m
2022/09/09 16:11:33 raft_test.go:1608: [0;37m[info] {MsgRequestVote 2 3 1 0 0 [] 0 <nil> false {} [] 0}[0m
2022/09/09 16:11:33 raft_test.go:1608: [0;37m[info] {MsgRequestVoteResponse 3 2 1 0 0 [] 0 <nil> true {} [] 0}[0m
2022/09/09 16:11:33 raft_test.go:1608: [0;37m[info] {MsgHup 3 3 0 0 0 [] 0 <nil> false {} [] 0}[0m
2022/09/09 16:11:33 raft_test.go:1608: [0;37m[info] {MsgRequestVote 2 3 2 0 0 [] 0 <nil> false {} [] 0}[0m
2022/09/09 16:11:33 raft_test.go:1608: [0;37m[info] {MsgRequestVote 1 3 2 0 0 [] 0 <nil> false {} [] 0}[0m
2022/09/09 16:11:33 raft_test.go:1608: [0;37m[info] {MsgRequestVoteResponse 3 2 2 0 0 [] 0 <nil> true {} [] 0}[0m
2022/09/09 16:11:33 raft_test.go:1608: [0;37m[info] {MsgRequestVoteResponse 3 1 2 0 0 [] 0 <nil> true {} [] 0}[0m
    raft_test.go:427: #0: state = StateLeader, want StateFollower
    raft_test.go:430: #0: term = 1, want 2
    raft_test.go:430: #1: term = 1, want 2
--- FAIL: TestDuelingCandidates2AB (0.00s)
=== RUN   TestCandidateConcede2AB
2022/09/09 16:11:33 raft_test.go:1608: [0;37m[info] {MsgHup 1 1 0 0 0 [] 0 <nil> false {} [] 0}[0m
2022/09/09 16:11:33 raft_test.go:1608: [0;37m[info] {MsgHup 3 3 0 0 0 [] 0 <nil> false {} [] 0}[0m
2022/09/09 16:11:33 raft_test.go:1608: [0;37m[info] {MsgRequestVote 2 3 1 0 0 [] 0 <nil> false {} [] 0}[0m
2022/09/09 16:11:33 raft_test.go:1608: [0;37m[info] {MsgRequestVoteResponse 3 2 1 0 0 [] 0 <nil> false {} [] 0}[0m
2022/09/09 16:11:33 raft_test.go:1608: [0;37m[info] {MsgAppend 2 3 1 0 0 [term:1 index:1 ] 0 <nil> false {} [] 0}[0m
2022/09/09 16:11:33 raft_test.go:1608: [0;37m[info] {MsgAppendResponse 3 2 1 0 1 [] 0 <nil> false {} [] 0}[0m
2022/09/09 16:11:33 raft_test.go:1608: [0;37m[info] {MsgAppend 2 3 1 1 1 [] 1 <nil> false {} [] 0}[0m
2022/09/09 16:11:33 raft_test.go:1608: [0;37m[info] {MsgAppendResponse 3 2 1 0 1 [] 0 <nil> false {} [] 0}[0m
2022/09/09 16:11:33 raft_test.go:1608: [0;37m[info] {MsgBeat 3 3 0 0 0 [] 0 <nil> false {} [] 0}[0m
2022/09/09 16:11:33 raft_test.go:1608: [0;37m[info] {MsgHeartbeat 1 3 1 0 0 [] 1 <nil> false {} [] 0}[0m
2022/09/09 16:11:33 raft_test.go:1608: [0;37m[info] {MsgHeartbeat 2 3 1 0 0 [] 1 <nil> false {} [] 0}[0m
2022/09/09 16:11:33 raft_test.go:1608: [0;37m[info] {MsgPropose 3 3 0 0 0 [data:"force follower" ] 0 <nil> false {} [] 0}[0m
2022/09/09 16:11:33 raft_test.go:1608: [0;37m[info] {MsgAppend 1 3 1 0 0 [term:1 index:1  term:1 index:2 data:"force follower" ] 1 <nil> false {} [] 0}[0m
2022/09/09 16:11:33 raft_test.go:1608: [0;37m[info] {MsgAppend 2 3 1 1 1 [term:1 index:2 data:"force follower" ] 1 <nil> false {} [] 0}[0m
2022/09/09 16:11:33 raft_test.go:1608: [0;37m[info] {MsgAppendResponse 3 1 1 0 2 [] 0 <nil> false {} [] 0}[0m
2022/09/09 16:11:33 raft_test.go:1608: [0;37m[info] {MsgAppendResponse 3 2 1 0 2 [] 0 <nil> false {} [] 0}[0m
2022/09/09 16:11:33 raft_test.go:1608: [0;37m[info] {MsgAppend 1 3 1 1 2 [] 2 <nil> false {} [] 0}[0m
2022/09/09 16:11:33 raft_test.go:1608: [0;37m[info] {MsgAppend 2 3 1 1 1 [term:1 index:2 data:"force follower" ] 2 <nil> false {} [] 0}[0m
2022/09/09 16:11:33 raft_test.go:1608: [0;37m[info] {MsgAppendResponse 3 1 1 0 2 [] 0 <nil> false {} [] 0}[0m
2022/09/09 16:11:33 raft_test.go:1608: [0;37m[info] {MsgAppendResponse 3 2 1 0 2 [] 0 <nil> false {} [] 0}[0m
2022/09/09 16:11:33 raft_test.go:1608: [0;37m[info] {MsgBeat 3 3 0 0 0 [] 0 <nil> false {} [] 0}[0m
2022/09/09 16:11:33 raft_test.go:1608: [0;37m[info] {MsgHeartbeat 1 3 1 0 0 [] 2 <nil> false {} [] 0}[0m
2022/09/09 16:11:33 raft_test.go:1608: [0;37m[info] {MsgHeartbeat 2 3 1 0 0 [] 2 <nil> false {} [] 0}[0m
--- PASS: TestCandidateConcede2AB (0.00s)
=== RUN   TestOldMessages2AB
2022/09/09 16:11:33 raft_test.go:1608: [0;37m[info] {MsgHup 1 1 0 0 0 [] 0 <nil> false {} [] 0}[0m
2022/09/09 16:11:33 raft_test.go:1608: [0;37m[info] {MsgRequestVote 2 1 1 0 0 [] 0 <nil> false {} [] 0}[0m
2022/09/09 16:11:33 raft_test.go:1608: [0;37m[info] {MsgRequestVote 3 1 1 0 0 [] 0 <nil> false {} [] 0}[0m
2022/09/09 16:11:33 raft_test.go:1608: [0;37m[info] {MsgRequestVoteResponse 1 2 1 0 0 [] 0 <nil> false {} [] 0}[0m
2022/09/09 16:11:33 raft_test.go:1608: [0;37m[info] {MsgRequestVoteResponse 1 3 1 0 0 [] 0 <nil> false {} [] 0}[0m
2022/09/09 16:11:33 raft_test.go:1608: [0;37m[info] {MsgAppend 2 1 1 0 0 [term:1 index:1 ] 0 <nil> false {} [] 0}[0m
2022/09/09 16:11:33 raft_test.go:1608: [0;37m[info] {MsgAppend 3 1 1 0 0 [term:1 index:1 ] 0 <nil> false {} [] 0}[0m
2022/09/09 16:11:33 raft_test.go:1608: [0;37m[info] {MsgAppendResponse 1 2 1 0 1 [] 0 <nil> false {} [] 0}[0m
2022/09/09 16:11:33 raft_test.go:1608: [0;37m[info] {MsgAppendResponse 1 3 1 0 1 [] 0 <nil> false {} [] 0}[0m
2022/09/09 16:11:33 raft_test.go:1608: [0;37m[info] {MsgAppend 2 1 1 1 1 [] 1 <nil> false {} [] 0}[0m
2022/09/09 16:11:33 raft_test.go:1608: [0;37m[info] {MsgAppend 3 1 1 0 0 [term:1 index:1 ] 1 <nil> false {} [] 0}[0m
2022/09/09 16:11:33 raft_test.go:1608: [0;37m[info] {MsgAppendResponse 1 2 1 0 1 [] 0 <nil> false {} [] 0}[0m
2022/09/09 16:11:33 raft_test.go:1608: [0;37m[info] {MsgAppendResponse 1 3 1 0 1 [] 0 <nil> false {} [] 0}[0m
2022/09/09 16:11:33 raft_test.go:1608: [0;37m[info] {MsgHup 2 2 0 0 0 [] 0 <nil> false {} [] 0}[0m
2022/09/09 16:11:33 raft_test.go:1608: [0;37m[info] {MsgRequestVote 1 2 2 1 1 [] 0 <nil> false {} [] 0}[0m
2022/09/09 16:11:33 raft_test.go:1608: [0;37m[info] {MsgRequestVote 3 2 2 1 1 [] 0 <nil> false {} [] 0}[0m
2022/09/09 16:11:33 raft_test.go:1608: [0;37m[info] {MsgRequestVoteResponse 2 1 2 0 0 [] 0 <nil> false {} [] 0}[0m
2022/09/09 16:11:33 raft_test.go:1608: [0;37m[info] {MsgRequestVoteResponse 2 3 2 0 0 [] 0 <nil> false {} [] 0}[0m
2022/09/09 16:11:33 raft_test.go:1608: [0;37m[info] {MsgAppend 3 2 2 0 0 [term:1 index:1  term:2 index:2 ] 1 <nil> false {} [] 0}[0m
2022/09/09 16:11:33 raft_test.go:1608: [0;37m[info] {MsgAppend 1 2 2 0 0 [term:1 index:1  term:2 index:2 ] 1 <nil> false {} [] 0}[0m
2022/09/09 16:11:33 raft_test.go:1608: [0;37m[info] {MsgAppendResponse 2 3 2 0 2 [] 0 <nil> false {} [] 0}[0m
2022/09/09 16:11:33 raft_test.go:1608: [0;37m[info] {MsgAppendResponse 2 1 2 0 2 [] 0 <nil> false {} [] 0}[0m
2022/09/09 16:11:33 raft_test.go:1608: [0;37m[info] {MsgAppend 3 2 2 2 2 [] 2 <nil> false {} [] 0}[0m
2022/09/09 16:11:33 raft_test.go:1608: [0;37m[info] {MsgAppend 1 2 2 0 0 [term:1 index:1  term:2 index:2 ] 2 <nil> false {} [] 0}[0m
2022/09/09 16:11:33 raft_test.go:1608: [0;37m[info] {MsgAppendResponse 2 3 2 0 2 [] 0 <nil> false {} [] 0}[0m
2022/09/09 16:11:33 raft_test.go:1608: [0;37m[info] {MsgAppendResponse 2 1 2 0 2 [] 0 <nil> false {} [] 0}[0m
2022/09/09 16:11:33 raft_test.go:1608: [0;37m[info] {MsgHup 1 1 0 0 0 [] 0 <nil> false {} [] 0}[0m
2022/09/09 16:11:33 raft_test.go:1608: [0;37m[info] {MsgRequestVote 2 1 3 2 2 [] 0 <nil> false {} [] 0}[0m
2022/09/09 16:11:33 raft_test.go:1608: [0;37m[info] {MsgRequestVote 3 1 3 2 2 [] 0 <nil> false {} [] 0}[0m
2022/09/09 16:11:33 raft_test.go:1608: [0;37m[info] {MsgRequestVoteResponse 1 2 3 0 0 [] 0 <nil> false {} [] 0}[0m
2022/09/09 16:11:33 raft_test.go:1608: [0;37m[info] {MsgRequestVoteResponse 1 3 3 0 0 [] 0 <nil> false {} [] 0}[0m
2022/09/09 16:11:33 raft_test.go:1608: [0;37m[info] {MsgAppend 2 1 3 1 1 [term:2 index:2  term:3 index:3 ] 2 <nil> false {} [] 0}[0m
2022/09/09 16:11:33 raft_test.go:1608: [0;37m[info] {MsgAppend 3 1 3 1 1 [term:2 index:2  term:3 index:3 ] 2 <nil> false {} [] 0}[0m
2022/09/09 16:11:33 raft_test.go:1608: [0;37m[info] {MsgAppendResponse 1 2 3 0 3 [] 0 <nil> false {} [] 0}[0m
2022/09/09 16:11:33 raft_test.go:1608: [0;37m[info] {MsgAppendResponse 1 3 3 0 3 [] 0 <nil> false {} [] 0}[0m
2022/09/09 16:11:33 raft_test.go:1608: [0;37m[info] {MsgAppend 2 1 3 3 3 [] 3 <nil> false {} [] 0}[0m
2022/09/09 16:11:33 raft_test.go:1608: [0;37m[info] {MsgAppend 3 1 3 1 1 [term:2 index:2  term:3 index:3 ] 3 <nil> false {} [] 0}[0m
2022/09/09 16:11:33 raft_test.go:1608: [0;37m[info] {MsgAppendResponse 1 2 3 0 3 [] 0 <nil> false {} [] 0}[0m
2022/09/09 16:11:33 raft_test.go:1608: [0;37m[info] {MsgAppendResponse 1 3 3 0 3 [] 0 <nil> false {} [] 0}[0m
2022/09/09 16:11:33 raft_test.go:1608: [0;37m[info] {MsgAppend 1 2 2 0 0 [term:2 index:3 ] 0 <nil> false {} [] 0}[0m
2022/09/09 16:11:33 raft_test.go:1608: [0;37m[info] {MsgAppendResponse 2 1 3 0 3 [] 0 <nil> true {} [] 0}[0m
2022/09/09 16:11:33 raft_test.go:1608: [0;37m[info] {MsgPropose 1 1 0 0 0 [data:"somedata" ] 0 <nil> false {} [] 0}[0m
2022/09/09 16:11:33 raft_test.go:1608: [0;37m[info] {MsgAppend 2 1 3 3 3 [term:3 index:4 data:"somedata" ] 3 <nil> false {} [] 0}[0m
2022/09/09 16:11:33 raft_test.go:1608: [0;37m[info] {MsgAppend 3 1 3 3 3 [term:3 index:4 data:"somedata" ] 3 <nil> false {} [] 0}[0m
2022/09/09 16:11:33 raft_test.go:1608: [0;37m[info] {MsgAppendResponse 1 2 3 0 4 [] 0 <nil> false {} [] 0}[0m
2022/09/09 16:11:33 raft_test.go:1608: [0;37m[info] {MsgAppendResponse 1 3 3 0 4 [] 0 <nil> false {} [] 0}[0m
2022/09/09 16:11:33 raft_test.go:1608: [0;37m[info] {MsgAppend 2 1 3 3 4 [] 4 <nil> false {} [] 0}[0m
2022/09/09 16:11:33 raft_test.go:1608: [0;37m[info] {MsgAppend 3 1 3 3 3 [term:3 index:4 data:"somedata" ] 4 <nil> false {} [] 0}[0m
2022/09/09 16:11:33 raft_test.go:1608: [0;37m[info] {MsgAppendResponse 1 2 3 0 4 [] 0 <nil> false {} [] 0}[0m
2022/09/09 16:11:33 raft_test.go:1608: [0;37m[info] {MsgAppendResponse 1 3 3 0 4 [] 0 <nil> false {} [] 0}[0m
--- PASS: TestOldMessages2AB (0.00s)
=== RUN   TestProposal2AB
2022/09/09 16:11:33 raft_test.go:1608: [0;37m[info] {MsgHup 1 1 0 0 0 [] 0 <nil> false {} [] 0}[0m
2022/09/09 16:11:33 raft_test.go:1608: [0;37m[info] {MsgRequestVote 2 1 1 0 0 [] 0 <nil> false {} [] 0}[0m
2022/09/09 16:11:33 raft_test.go:1608: [0;37m[info] {MsgRequestVote 3 1 1 0 0 [] 0 <nil> false {} [] 0}[0m
2022/09/09 16:11:33 raft_test.go:1608: [0;37m[info] {MsgRequestVoteResponse 1 2 1 0 0 [] 0 <nil> false {} [] 0}[0m
2022/09/09 16:11:33 raft_test.go:1608: [0;37m[info] {MsgRequestVoteResponse 1 3 1 0 0 [] 0 <nil> false {} [] 0}[0m
2022/09/09 16:11:33 raft_test.go:1608: [0;37m[info] {MsgAppend 2 1 1 0 0 [term:1 index:1 ] 0 <nil> false {} [] 0}[0m
2022/09/09 16:11:33 raft_test.go:1608: [0;37m[info] {MsgAppend 3 1 1 0 0 [term:1 index:1 ] 0 <nil> false {} [] 0}[0m
2022/09/09 16:11:33 raft_test.go:1608: [0;37m[info] {MsgAppendResponse 1 2 1 0 1 [] 0 <nil> false {} [] 0}[0m
2022/09/09 16:11:33 raft_test.go:1608: [0;37m[info] {MsgAppendResponse 1 3 1 0 1 [] 0 <nil> false {} [] 0}[0m
2022/09/09 16:11:33 raft_test.go:1608: [0;37m[info] {MsgAppend 2 1 1 1 1 [] 1 <nil> false {} [] 0}[0m
2022/09/09 16:11:33 raft_test.go:1608: [0;37m[info] {MsgAppend 3 1 1 0 0 [term:1 index:1 ] 1 <nil> false {} [] 0}[0m
2022/09/09 16:11:33 raft_test.go:1608: [0;37m[info] {MsgAppendResponse 1 2 1 0 1 [] 0 <nil> false {} [] 0}[0m
2022/09/09 16:11:33 raft_test.go:1608: [0;37m[info] {MsgAppendResponse 1 3 1 0 1 [] 0 <nil> false {} [] 0}[0m
2022/09/09 16:11:33 raft_test.go:1608: [0;37m[info] {MsgPropose 1 1 0 0 0 [data:"somedata" ] 0 <nil> false {} [] 0}[0m
2022/09/09 16:11:33 raft_test.go:1608: [0;37m[info] {MsgAppend 3 1 1 1 1 [term:1 index:2 data:"somedata" ] 1 <nil> false {} [] 0}[0m
2022/09/09 16:11:33 raft_test.go:1608: [0;37m[info] {MsgAppend 2 1 1 1 1 [term:1 index:2 data:"somedata" ] 1 <nil> false {} [] 0}[0m
2022/09/09 16:11:33 raft_test.go:1608: [0;37m[info] {MsgAppendResponse 1 3 1 0 2 [] 0 <nil> false {} [] 0}[0m
2022/09/09 16:11:33 raft_test.go:1608: [0;37m[info] {MsgAppendResponse 1 2 1 0 2 [] 0 <nil> false {} [] 0}[0m
2022/09/09 16:11:33 raft_test.go:1608: [0;37m[info] {MsgAppend 2 1 1 1 1 [term:1 index:2 data:"somedata" ] 2 <nil> false {} [] 0}[0m
2022/09/09 16:11:33 raft_test.go:1608: [0;37m[info] {MsgAppend 3 1 1 1 2 [] 2 <nil> false {} [] 0}[0m
2022/09/09 16:11:33 raft_test.go:1608: [0;37m[info] {MsgAppendResponse 1 2 1 0 2 [] 0 <nil> false {} [] 0}[0m
2022/09/09 16:11:33 raft_test.go:1608: [0;37m[info] {MsgAppendResponse 1 3 1 0 2 [] 0 <nil> false {} [] 0}[0m
2022/09/09 16:11:33 raft_test.go:1608: [0;37m[info] {MsgHup 1 1 0 0 0 [] 0 <nil> false {} [] 0}[0m
2022/09/09 16:11:33 raft_test.go:1608: [0;37m[info] {MsgRequestVote 2 1 1 0 0 [] 0 <nil> false {} [] 0}[0m
2022/09/09 16:11:33 raft_test.go:1608: [0;37m[info] {MsgRequestVote 3 1 1 0 0 [] 0 <nil> false {} [] 0}[0m
2022/09/09 16:11:33 raft_test.go:1608: [0;37m[info] {MsgRequestVoteResponse 1 2 1 0 0 [] 0 <nil> false {} [] 0}[0m
2022/09/09 16:11:33 raft_test.go:1608: [0;37m[info] {MsgAppend 2 1 1 0 0 [term:1 index:1 ] 0 <nil> false {} [] 0}[0m
2022/09/09 16:11:33 raft_test.go:1608: [0;37m[info] {MsgAppend 3 1 1 0 0 [term:1 index:1 ] 0 <nil> false {} [] 0}[0m
2022/09/09 16:11:33 raft_test.go:1608: [0;37m[info] {MsgAppendResponse 1 2 1 0 1 [] 0 <nil> false {} [] 0}[0m
2022/09/09 16:11:33 raft_test.go:1608: [0;37m[info] {MsgAppend 2 1 1 1 1 [] 1 <nil> false {} [] 0}[0m
2022/09/09 16:11:33 raft_test.go:1608: [0;37m[info] {MsgAppend 3 1 1 0 0 [term:1 index:1 ] 1 <nil> false {} [] 0}[0m
2022/09/09 16:11:33 raft_test.go:1608: [0;37m[info] {MsgAppendResponse 1 2 1 0 1 [] 0 <nil> false {} [] 0}[0m
2022/09/09 16:11:33 raft_test.go:1608: [0;37m[info] {MsgPropose 1 1 0 0 0 [data:"somedata" ] 0 <nil> false {} [] 0}[0m
2022/09/09 16:11:33 raft_test.go:1608: [0;37m[info] {MsgAppend 2 1 1 1 1 [term:1 index:2 data:"somedata" ] 1 <nil> false {} [] 0}[0m
2022/09/09 16:11:33 raft_test.go:1608: [0;37m[info] {MsgAppend 3 1 1 0 0 [term:1 index:1  term:1 index:2 data:"somedata" ] 1 <nil> false {} [] 0}[0m
2022/09/09 16:11:33 raft_test.go:1608: [0;37m[info] {MsgAppendResponse 1 2 1 0 2 [] 0 <nil> false {} [] 0}[0m
2022/09/09 16:11:33 raft_test.go:1608: [0;37m[info] {MsgAppend 2 1 1 1 2 [] 2 <nil> false {} [] 0}[0m
2022/09/09 16:11:33 raft_test.go:1608: [0;37m[info] {MsgAppend 3 1 1 0 0 [term:1 index:1  term:1 index:2 data:"somedata" ] 2 <nil> false {} [] 0}[0m
2022/09/09 16:11:33 raft_test.go:1608: [0;37m[info] {MsgAppendResponse 1 2 1 0 2 [] 0 <nil> false {} [] 0}[0m
    raft_test.go:557: #3: empty log
2022/09/09 16:11:33 raft_test.go:1608: [0;37m[info] {MsgHup 1 1 0 0 0 [] 0 <nil> false {} [] 0}[0m
2022/09/09 16:11:33 raft_test.go:1608: [0;37m[info] {MsgRequestVote 3 1 1 0 0 [] 0 <nil> false {} [] 0}[0m
2022/09/09 16:11:33 raft_test.go:1608: [0;37m[info] {MsgRequestVote 2 1 1 0 0 [] 0 <nil> false {} [] 0}[0m
2022/09/09 16:11:33 raft_test.go:1608: [0;37m[info] {MsgPropose 1 1 0 0 0 [data:"somedata" ] 0 <nil> false {} [] 0}[0m
    raft_test.go:557: #2: empty log
    raft_test.go:557: #3: empty log
2022/09/09 16:11:33 raft_test.go:1608: [0;37m[info] {MsgHup 1 1 0 0 0 [] 0 <nil> false {} [] 0}[0m
2022/09/09 16:11:33 raft_test.go:1608: [0;37m[info] {MsgRequestVote 2 1 1 0 0 [] 0 <nil> false {} [] 0}[0m
2022/09/09 16:11:33 raft_test.go:1608: [0;37m[info] {MsgRequestVote 3 1 1 0 0 [] 0 <nil> false {} [] 0}[0m
2022/09/09 16:11:33 raft_test.go:1608: [0;37m[info] {MsgRequestVote 4 1 1 0 0 [] 0 <nil> false {} [] 0}[0m
2022/09/09 16:11:33 raft_test.go:1608: [0;37m[info] {MsgRequestVoteResponse 1 4 1 0 0 [] 0 <nil> false {} [] 0}[0m
2022/09/09 16:11:33 raft_test.go:1608: [0;37m[info] {MsgPropose 1 1 0 0 0 [data:"somedata" ] 0 <nil> false {} [] 0}[0m
    raft_test.go:557: #2: empty log
    raft_test.go:557: #3: empty log
2022/09/09 16:11:33 raft_test.go:1608: [0;37m[info] {MsgHup 1 1 0 0 0 [] 0 <nil> false {} [] 0}[0m
2022/09/09 16:11:33 raft_test.go:1608: [0;37m[info] {MsgRequestVote 3 1 1 0 0 [] 0 <nil> false {} [] 0}[0m
2022/09/09 16:11:33 raft_test.go:1608: [0;37m[info] {MsgRequestVote 4 1 1 0 0 [] 0 <nil> false {} [] 0}[0m
2022/09/09 16:11:33 raft_test.go:1608: [0;37m[info] {MsgRequestVote 5 1 1 0 0 [] 0 <nil> false {} [] 0}[0m
2022/09/09 16:11:33 raft_test.go:1608: [0;37m[info] {MsgRequestVote 2 1 1 0 0 [] 0 <nil> false {} [] 0}[0m
2022/09/09 16:11:33 raft_test.go:1608: [0;37m[info] {MsgRequestVoteResponse 1 4 1 0 0 [] 0 <nil> false {} [] 0}[0m
2022/09/09 16:11:33 raft_test.go:1608: [0;37m[info] {MsgRequestVoteResponse 1 5 1 0 0 [] 0 <nil> false {} [] 0}[0m
2022/09/09 16:11:33 raft_test.go:1608: [0;37m[info] {MsgAppend 4 1 1 0 0 [term:1 index:1 ] 0 <nil> false {} [] 0}[0m
2022/09/09 16:11:33 raft_test.go:1608: [0;37m[info] {MsgAppend 5 1 1 0 0 [term:1 index:1 ] 0 <nil> false {} [] 0}[0m
2022/09/09 16:11:33 raft_test.go:1608: [0;37m[info] {MsgAppend 2 1 1 0 0 [term:1 index:1 ] 0 <nil> false {} [] 0}[0m
2022/09/09 16:11:33 raft_test.go:1608: [0;37m[info] {MsgAppend 3 1 1 0 0 [term:1 index:1 ] 0 <nil> false {} [] 0}[0m
2022/09/09 16:11:33 raft_test.go:1608: [0;37m[info] {MsgAppendResponse 1 4 1 0 1 [] 0 <nil> false {} [] 0}[0m
2022/09/09 16:11:33 raft_test.go:1608: [0;37m[info] {MsgAppendResponse 1 5 1 0 1 [] 0 <nil> false {} [] 0}[0m
2022/09/09 16:11:33 raft_test.go:1608: [0;37m[info] {MsgAppend 2 1 1 0 0 [term:1 index:1 ] 1 <nil> false {} [] 0}[0m
2022/09/09 16:11:33 raft_test.go:1608: [0;37m[info] {MsgAppend 3 1 1 0 0 [term:1 index:1 ] 1 <nil> false {} [] 0}[0m
2022/09/09 16:11:33 raft_test.go:1608: [0;37m[info] {MsgAppend 4 1 1 1 1 [] 1 <nil> false {} [] 0}[0m
2022/09/09 16:11:33 raft_test.go:1608: [0;37m[info] {MsgAppend 5 1 1 1 1 [] 1 <nil> false {} [] 0}[0m
2022/09/09 16:11:33 raft_test.go:1608: [0;37m[info] {MsgAppendResponse 1 4 1 0 1 [] 0 <nil> false {} [] 0}[0m
2022/09/09 16:11:33 raft_test.go:1608: [0;37m[info] {MsgAppendResponse 1 5 1 0 1 [] 0 <nil> false {} [] 0}[0m
2022/09/09 16:11:33 raft_test.go:1608: [0;37m[info] {MsgPropose 1 1 0 0 0 [data:"somedata" ] 0 <nil> false {} [] 0}[0m
2022/09/09 16:11:33 raft_test.go:1608: [0;37m[info] {MsgAppend 3 1 1 0 0 [term:1 index:1  term:1 index:2 data:"somedata" ] 1 <nil> false {} [] 0}[0m
2022/09/09 16:11:33 raft_test.go:1608: [0;37m[info] {MsgAppend 4 1 1 1 1 [term:1 index:2 data:"somedata" ] 1 <nil> false {} [] 0}[0m
2022/09/09 16:11:33 raft_test.go:1608: [0;37m[info] {MsgAppend 5 1 1 1 1 [term:1 index:2 data:"somedata" ] 1 <nil> false {} [] 0}[0m
2022/09/09 16:11:33 raft_test.go:1608: [0;37m[info] {MsgAppend 2 1 1 0 0 [term:1 index:1  term:1 index:2 data:"somedata" ] 1 <nil> false {} [] 0}[0m
2022/09/09 16:11:33 raft_test.go:1608: [0;37m[info] {MsgAppendResponse 1 4 1 0 2 [] 0 <nil> false {} [] 0}[0m
2022/09/09 16:11:33 raft_test.go:1608: [0;37m[info] {MsgAppendResponse 1 5 1 0 2 [] 0 <nil> false {} [] 0}[0m
2022/09/09 16:11:33 raft_test.go:1608: [0;37m[info] {MsgAppend 5 1 1 1 2 [] 2 <nil> false {} [] 0}[0m
2022/09/09 16:11:33 raft_test.go:1608: [0;37m[info] {MsgAppend 2 1 1 0 0 [term:1 index:1  term:1 index:2 data:"somedata" ] 2 <nil> false {} [] 0}[0m
2022/09/09 16:11:33 raft_test.go:1608: [0;37m[info] {MsgAppend 3 1 1 0 0 [term:1 index:1  term:1 index:2 data:"somedata" ] 2 <nil> false {} [] 0}[0m
2022/09/09 16:11:33 raft_test.go:1608: [0;37m[info] {MsgAppend 4 1 1 1 2 [] 2 <nil> false {} [] 0}[0m
2022/09/09 16:11:33 raft_test.go:1608: [0;37m[info] {MsgAppendResponse 1 5 1 0 2 [] 0 <nil> false {} [] 0}[0m
2022/09/09 16:11:33 raft_test.go:1608: [0;37m[info] {MsgAppendResponse 1 4 1 0 2 [] 0 <nil> false {} [] 0}[0m
    raft_test.go:557: #2: empty log
    raft_test.go:557: #3: empty log
--- PASS: TestProposal2AB (0.00s)
=== RUN   TestHandleMessageType_MsgAppend2AB
--- PASS: TestHandleMessageType_MsgAppend2AB (0.00s)
=== RUN   TestAllServerStepdown2AB
--- PASS: TestAllServerStepdown2AB (0.00s)
=== RUN   TestHeartbeatUpdateCommit2AB
2022/09/09 16:11:33 raft_test.go:1608: [0;37m[info] {MsgHup 1 1 0 0 0 [] 0 <nil> false {} [] 0}[0m
2022/09/09 16:11:33 raft_test.go:1608: [0;37m[info] {MsgRequestVote 2 1 1 0 0 [] 0 <nil> false {} [] 0}[0m
2022/09/09 16:11:33 raft_test.go:1608: [0;37m[info] {MsgRequestVote 3 1 1 0 0 [] 0 <nil> false {} [] 0}[0m
2022/09/09 16:11:33 raft_test.go:1608: [0;37m[info] {MsgRequestVoteResponse 1 2 1 0 0 [] 0 <nil> false {} [] 0}[0m
2022/09/09 16:11:33 raft_test.go:1608: [0;37m[info] {MsgRequestVoteResponse 1 3 1 0 0 [] 0 <nil> false {} [] 0}[0m
2022/09/09 16:11:33 raft_test.go:1608: [0;37m[info] {MsgAppend 2 1 1 0 0 [term:1 index:1 ] 0 <nil> false {} [] 0}[0m
2022/09/09 16:11:33 raft_test.go:1608: [0;37m[info] {MsgAppend 3 1 1 0 0 [term:1 index:1 ] 0 <nil> false {} [] 0}[0m
2022/09/09 16:11:33 raft_test.go:1608: [0;37m[info] {MsgAppendResponse 1 2 1 0 1 [] 0 <nil> false {} [] 0}[0m
2022/09/09 16:11:33 raft_test.go:1608: [0;37m[info] {MsgAppendResponse 1 3 1 0 1 [] 0 <nil> false {} [] 0}[0m
2022/09/09 16:11:33 raft_test.go:1608: [0;37m[info] {MsgAppend 2 1 1 1 1 [] 1 <nil> false {} [] 0}[0m
2022/09/09 16:11:33 raft_test.go:1608: [0;37m[info] {MsgAppend 3 1 1 0 0 [term:1 index:1 ] 1 <nil> false {} [] 0}[0m
2022/09/09 16:11:33 raft_test.go:1608: [0;37m[info] {MsgAppendResponse 1 2 1 0 1 [] 0 <nil> false {} [] 0}[0m
2022/09/09 16:11:33 raft_test.go:1608: [0;37m[info] {MsgAppendResponse 1 3 1 0 1 [] 0 <nil> false {} [] 0}[0m
2022/09/09 16:11:33 raft_test.go:1608: [0;37m[info] {MsgPropose 1 1 0 0 0 [] 0 <nil> false {} [] 0}[0m
2022/09/09 16:11:33 raft_test.go:1608: [0;37m[info] {MsgHup 2 2 0 0 0 [] 0 <nil> false {} [] 0}[0m
2022/09/09 16:11:33 raft_test.go:1608: [0;37m[info] {MsgRequestVote 3 2 2 1 1 [] 0 <nil> false {} [] 0}[0m
2022/09/09 16:11:33 raft_test.go:1608: [0;37m[info] {MsgRequestVoteResponse 2 3 2 0 0 [] 0 <nil> false {} [] 0}[0m
2022/09/09 16:11:33 raft_test.go:1608: [0;37m[info] {MsgAppend 3 2 2 0 0 [term:1 index:1  term:2 index:2 ] 1 <nil> false {} [] 0}[0m
2022/09/09 16:11:33 raft_test.go:1608: [0;37m[info] {MsgAppendResponse 2 3 2 0 2 [] 0 <nil> false {} [] 0}[0m
2022/09/09 16:11:33 raft_test.go:1608: [0;37m[info] {MsgAppend 3 2 2 2 2 [] 2 <nil> false {} [] 0}[0m
2022/09/09 16:11:33 raft_test.go:1608: [0;37m[info] {MsgAppendResponse 2 3 2 0 2 [] 0 <nil> false {} [] 0}[0m
2022/09/09 16:11:33 raft_test.go:1608: [0;37m[info] {MsgPropose 2 2 0 0 0 [] 0 <nil> false {} [] 0}[0m
2022/09/09 16:11:33 raft_test.go:1608: [0;37m[info] {MsgAppend 3 2 2 2 2 [term:2 index:3 ] 2 <nil> false {} [] 0}[0m
2022/09/09 16:11:33 raft_test.go:1608: [0;37m[info] {MsgAppendResponse 2 3 2 0 3 [] 0 <nil> false {} [] 0}[0m
2022/09/09 16:11:33 raft_test.go:1608: [0;37m[info] {MsgAppend 3 2 2 2 3 [] 3 <nil> false {} [] 0}[0m
2022/09/09 16:11:33 raft_test.go:1608: [0;37m[info] {MsgAppendResponse 2 3 2 0 3 [] 0 <nil> false {} [] 0}[0m
2022/09/09 16:11:33 raft_test.go:1608: [0;37m[info] {MsgBeat 2 2 0 0 0 [] 0 <nil> false {} [] 0}[0m
2022/09/09 16:11:33 raft_test.go:1608: [0;37m[info] {MsgHeartbeat 1 2 2 0 0 [] 3 <nil> false {} [] 0}[0m
2022/09/09 16:11:33 raft_test.go:1608: [0;37m[info] {MsgHeartbeat 3 2 2 0 0 [] 3 <nil> false {} [] 0}[0m
2022/09/09 16:11:33 raft_test.go:1608: [0;37m[info] {MsgHup 1 1 0 0 0 [] 0 <nil> false {} [] 0}[0m
2022/09/09 16:11:33 raft_test.go:1608: [0;37m[info] {MsgRequestVote 2 1 1 0 0 [] 0 <nil> false {} [] 0}[0m
2022/09/09 16:11:33 raft_test.go:1608: [0;37m[info] {MsgRequestVote 3 1 1 0 0 [] 0 <nil> false {} [] 0}[0m
2022/09/09 16:11:33 raft_test.go:1608: [0;37m[info] {MsgRequestVoteResponse 1 2 1 0 0 [] 0 <nil> false {} [] 0}[0m
2022/09/09 16:11:33 raft_test.go:1608: [0;37m[info] {MsgRequestVoteResponse 1 3 1 0 0 [] 0 <nil> false {} [] 0}[0m
2022/09/09 16:11:33 raft_test.go:1608: [0;37m[info] {MsgAppend 2 1 1 0 0 [term:1 index:1 ] 0 <nil> false {} [] 0}[0m
2022/09/09 16:11:33 raft_test.go:1608: [0;37m[info] {MsgAppend 3 1 1 0 0 [term:1 index:1 ] 0 <nil> false {} [] 0}[0m
2022/09/09 16:11:33 raft_test.go:1608: [0;37m[info] {MsgAppendResponse 1 2 1 0 1 [] 0 <nil> false {} [] 0}[0m
2022/09/09 16:11:33 raft_test.go:1608: [0;37m[info] {MsgAppendResponse 1 3 1 0 1 [] 0 <nil> false {} [] 0}[0m
2022/09/09 16:11:33 raft_test.go:1608: [0;37m[info] {MsgAppend 2 1 1 1 1 [] 1 <nil> false {} [] 0}[0m
2022/09/09 16:11:33 raft_test.go:1608: [0;37m[info] {MsgAppend 3 1 1 0 0 [term:1 index:1 ] 1 <nil> false {} [] 0}[0m
2022/09/09 16:11:33 raft_test.go:1608: [0;37m[info] {MsgAppendResponse 1 2 1 0 1 [] 0 <nil> false {} [] 0}[0m
2022/09/09 16:11:33 raft_test.go:1608: [0;37m[info] {MsgAppendResponse 1 3 1 0 1 [] 0 <nil> false {} [] 0}[0m
2022/09/09 16:11:33 raft_test.go:1608: [0;37m[info] {MsgPropose 1 1 0 0 0 [] 0 <nil> false {} [] 0}[0m
2022/09/09 16:11:33 raft_test.go:1608: [0;37m[info] {MsgPropose 1 1 0 0 0 [] 0 <nil> false {} [] 0}[0m
2022/09/09 16:11:33 raft_test.go:1608: [0;37m[info] {MsgPropose 1 1 0 0 0 [] 0 <nil> false {} [] 0}[0m
2022/09/09 16:11:33 raft_test.go:1608: [0;37m[info] {MsgPropose 1 1 0 0 0 [] 0 <nil> false {} [] 0}[0m
2022/09/09 16:11:33 raft_test.go:1608: [0;37m[info] {MsgPropose 1 1 0 0 0 [] 0 <nil> false {} [] 0}[0m
2022/09/09 16:11:33 raft_test.go:1608: [0;37m[info] {MsgHup 2 2 0 0 0 [] 0 <nil> false {} [] 0}[0m
2022/09/09 16:11:33 raft_test.go:1608: [0;37m[info] {MsgRequestVote 3 2 2 1 1 [] 0 <nil> false {} [] 0}[0m
2022/09/09 16:11:33 raft_test.go:1608: [0;37m[info] {MsgRequestVoteResponse 2 3 2 0 0 [] 0 <nil> false {} [] 0}[0m
2022/09/09 16:11:33 raft_test.go:1608: [0;37m[info] {MsgAppend 3 2 2 0 0 [term:1 index:1  term:2 index:2 ] 1 <nil> false {} [] 0}[0m
2022/09/09 16:11:33 raft_test.go:1608: [0;37m[info] {MsgAppendResponse 2 3 2 0 2 [] 0 <nil> false {} [] 0}[0m
2022/09/09 16:11:33 raft_test.go:1608: [0;37m[info] {MsgAppend 3 2 2 2 2 [] 2 <nil> false {} [] 0}[0m
2022/09/09 16:11:33 raft_test.go:1608: [0;37m[info] {MsgAppendResponse 2 3 2 0 2 [] 0 <nil> false {} [] 0}[0m
2022/09/09 16:11:33 raft_test.go:1608: [0;37m[info] {MsgPropose 2 2 0 0 0 [] 0 <nil> false {} [] 0}[0m
2022/09/09 16:11:33 raft_test.go:1608: [0;37m[info] {MsgAppend 3 2 2 2 2 [term:2 index:3 ] 2 <nil> false {} [] 0}[0m
2022/09/09 16:11:33 raft_test.go:1608: [0;37m[info] {MsgAppendResponse 2 3 2 0 3 [] 0 <nil> false {} [] 0}[0m
2022/09/09 16:11:33 raft_test.go:1608: [0;37m[info] {MsgAppend 3 2 2 2 3 [] 3 <nil> false {} [] 0}[0m
2022/09/09 16:11:33 raft_test.go:1608: [0;37m[info] {MsgAppendResponse 2 3 2 0 3 [] 0 <nil> false {} [] 0}[0m
2022/09/09 16:11:33 raft_test.go:1608: [0;37m[info] {MsgPropose 2 2 0 0 0 [] 0 <nil> false {} [] 0}[0m
2022/09/09 16:11:33 raft_test.go:1608: [0;37m[info] {MsgAppend 3 2 2 2 3 [term:2 index:4 ] 3 <nil> false {} [] 0}[0m
2022/09/09 16:11:33 raft_test.go:1608: [0;37m[info] {MsgAppendResponse 2 3 2 0 4 [] 0 <nil> false {} [] 0}[0m
2022/09/09 16:11:33 raft_test.go:1608: [0;37m[info] {MsgAppend 3 2 2 2 4 [] 4 <nil> false {} [] 0}[0m
2022/09/09 16:11:33 raft_test.go:1608: [0;37m[info] {MsgAppendResponse 2 3 2 0 4 [] 0 <nil> false {} [] 0}[0m
2022/09/09 16:11:33 raft_test.go:1608: [0;37m[info] {MsgPropose 2 2 0 0 0 [] 0 <nil> false {} [] 0}[0m
2022/09/09 16:11:33 raft_test.go:1608: [0;37m[info] {MsgAppend 3 2 2 2 4 [term:2 index:5 ] 4 <nil> false {} [] 0}[0m
2022/09/09 16:11:33 raft_test.go:1608: [0;37m[info] {MsgAppendResponse 2 3 2 0 5 [] 0 <nil> false {} [] 0}[0m
2022/09/09 16:11:33 raft_test.go:1608: [0;37m[info] {MsgAppend 3 2 2 2 5 [] 5 <nil> false {} [] 0}[0m
2022/09/09 16:11:33 raft_test.go:1608: [0;37m[info] {MsgAppendResponse 2 3 2 0 5 [] 0 <nil> false {} [] 0}[0m
2022/09/09 16:11:33 raft_test.go:1608: [0;37m[info] {MsgBeat 2 2 0 0 0 [] 0 <nil> false {} [] 0}[0m
2022/09/09 16:11:33 raft_test.go:1608: [0;37m[info] {MsgHeartbeat 1 2 2 0 0 [] 5 <nil> false {} [] 0}[0m
2022/09/09 16:11:33 raft_test.go:1608: [0;37m[info] {MsgHeartbeat 3 2 2 0 0 [] 5 <nil> false {} [] 0}[0m
2022/09/09 16:11:33 raft_test.go:1608: [0;37m[info] {MsgHup 1 1 0 0 0 [] 0 <nil> false {} [] 0}[0m
2022/09/09 16:11:33 raft_test.go:1608: [0;37m[info] {MsgRequestVote 2 1 1 0 0 [] 0 <nil> false {} [] 0}[0m
2022/09/09 16:11:33 raft_test.go:1608: [0;37m[info] {MsgRequestVote 3 1 1 0 0 [] 0 <nil> false {} [] 0}[0m
2022/09/09 16:11:33 raft_test.go:1608: [0;37m[info] {MsgRequestVoteResponse 1 2 1 0 0 [] 0 <nil> false {} [] 0}[0m
2022/09/09 16:11:33 raft_test.go:1608: [0;37m[info] {MsgRequestVoteResponse 1 3 1 0 0 [] 0 <nil> false {} [] 0}[0m
2022/09/09 16:11:33 raft_test.go:1608: [0;37m[info] {MsgAppend 2 1 1 0 0 [term:1 index:1 ] 0 <nil> false {} [] 0}[0m
2022/09/09 16:11:33 raft_test.go:1608: [0;37m[info] {MsgAppend 3 1 1 0 0 [term:1 index:1 ] 0 <nil> false {} [] 0}[0m
2022/09/09 16:11:33 raft_test.go:1608: [0;37m[info] {MsgAppendResponse 1 2 1 0 1 [] 0 <nil> false {} [] 0}[0m
2022/09/09 16:11:33 raft_test.go:1608: [0;37m[info] {MsgAppendResponse 1 3 1 0 1 [] 0 <nil> false {} [] 0}[0m
2022/09/09 16:11:33 raft_test.go:1608: [0;37m[info] {MsgAppend 2 1 1 1 1 [] 1 <nil> false {} [] 0}[0m
2022/09/09 16:11:33 raft_test.go:1608: [0;37m[info] {MsgAppend 3 1 1 0 0 [term:1 index:1 ] 1 <nil> false {} [] 0}[0m
2022/09/09 16:11:33 raft_test.go:1608: [0;37m[info] {MsgAppendResponse 1 2 1 0 1 [] 0 <nil> false {} [] 0}[0m
2022/09/09 16:11:33 raft_test.go:1608: [0;37m[info] {MsgAppendResponse 1 3 1 0 1 [] 0 <nil> false {} [] 0}[0m
2022/09/09 16:11:33 raft_test.go:1608: [0;37m[info] {MsgPropose 1 1 0 0 0 [] 0 <nil> false {} [] 0}[0m
2022/09/09 16:11:33 raft_test.go:1608: [0;37m[info] {MsgPropose 1 1 0 0 0 [] 0 <nil> false {} [] 0}[0m
2022/09/09 16:11:33 raft_test.go:1608: [0;37m[info] {MsgPropose 1 1 0 0 0 [] 0 <nil> false {} [] 0}[0m
2022/09/09 16:11:33 raft_test.go:1608: [0;37m[info] {MsgPropose 1 1 0 0 0 [] 0 <nil> false {} [] 0}[0m
2022/09/09 16:11:33 raft_test.go:1608: [0;37m[info] {MsgPropose 1 1 0 0 0 [] 0 <nil> false {} [] 0}[0m
2022/09/09 16:11:33 raft_test.go:1608: [0;37m[info] {MsgHup 2 2 0 0 0 [] 0 <nil> false {} [] 0}[0m
2022/09/09 16:11:33 raft_test.go:1608: [0;37m[info] {MsgRequestVote 3 2 2 1 1 [] 0 <nil> false {} [] 0}[0m
2022/09/09 16:11:33 raft_test.go:1608: [0;37m[info] {MsgRequestVoteResponse 2 3 2 0 0 [] 0 <nil> false {} [] 0}[0m
2022/09/09 16:11:33 raft_test.go:1608: [0;37m[info] {MsgAppend 3 2 2 0 0 [term:1 index:1  term:2 index:2 ] 1 <nil> false {} [] 0}[0m
2022/09/09 16:11:33 raft_test.go:1608: [0;37m[info] {MsgAppendResponse 2 3 2 0 2 [] 0 <nil> false {} [] 0}[0m
2022/09/09 16:11:33 raft_test.go:1608: [0;37m[info] {MsgAppend 3 2 2 2 2 [] 2 <nil> false {} [] 0}[0m
2022/09/09 16:11:33 raft_test.go:1608: [0;37m[info] {MsgAppendResponse 2 3 2 0 2 [] 0 <nil> false {} [] 0}[0m
2022/09/09 16:11:33 raft_test.go:1608: [0;37m[info] {MsgPropose 2 2 0 0 0 [] 0 <nil> false {} [] 0}[0m
2022/09/09 16:11:33 raft_test.go:1608: [0;37m[info] {MsgAppend 3 2 2 2 2 [term:2 index:3 ] 2 <nil> false {} [] 0}[0m
2022/09/09 16:11:33 raft_test.go:1608: [0;37m[info] {MsgAppendResponse 2 3 2 0 3 [] 0 <nil> false {} [] 0}[0m
2022/09/09 16:11:33 raft_test.go:1608: [0;37m[info] {MsgAppend 3 2 2 2 3 [] 3 <nil> false {} [] 0}[0m
2022/09/09 16:11:33 raft_test.go:1608: [0;37m[info] {MsgAppendResponse 2 3 2 0 3 [] 0 <nil> false {} [] 0}[0m
2022/09/09 16:11:33 raft_test.go:1608: [0;37m[info] {MsgPropose 2 2 0 0 0 [] 0 <nil> false {} [] 0}[0m
2022/09/09 16:11:33 raft_test.go:1608: [0;37m[info] {MsgAppend 3 2 2 2 3 [term:2 index:4 ] 3 <nil> false {} [] 0}[0m
2022/09/09 16:11:33 raft_test.go:1608: [0;37m[info] {MsgAppendResponse 2 3 2 0 4 [] 0 <nil> false {} [] 0}[0m
2022/09/09 16:11:33 raft_test.go:1608: [0;37m[info] {MsgAppend 3 2 2 2 4 [] 4 <nil> false {} [] 0}[0m
2022/09/09 16:11:33 raft_test.go:1608: [0;37m[info] {MsgAppendResponse 2 3 2 0 4 [] 0 <nil> false {} [] 0}[0m
2022/09/09 16:11:33 raft_test.go:1608: [0;37m[info] {MsgPropose 2 2 0 0 0 [] 0 <nil> false {} [] 0}[0m
2022/09/09 16:11:33 raft_test.go:1608: [0;37m[info] {MsgAppend 3 2 2 2 4 [term:2 index:5 ] 4 <nil> false {} [] 0}[0m
2022/09/09 16:11:33 raft_test.go:1608: [0;37m[info] {MsgAppendResponse 2 3 2 0 5 [] 0 <nil> false {} [] 0}[0m
2022/09/09 16:11:33 raft_test.go:1608: [0;37m[info] {MsgAppend 3 2 2 2 5 [] 5 <nil> false {} [] 0}[0m
2022/09/09 16:11:33 raft_test.go:1608: [0;37m[info] {MsgAppendResponse 2 3 2 0 5 [] 0 <nil> false {} [] 0}[0m
2022/09/09 16:11:33 raft_test.go:1608: [0;37m[info] {MsgPropose 2 2 0 0 0 [] 0 <nil> false {} [] 0}[0m
2022/09/09 16:11:33 raft_test.go:1608: [0;37m[info] {MsgAppend 3 2 2 2 5 [term:2 index:6 ] 5 <nil> false {} [] 0}[0m
2022/09/09 16:11:33 raft_test.go:1608: [0;37m[info] {MsgAppendResponse 2 3 2 0 6 [] 0 <nil> false {} [] 0}[0m
2022/09/09 16:11:33 raft_test.go:1608: [0;37m[info] {MsgAppend 3 2 2 2 6 [] 6 <nil> false {} [] 0}[0m
2022/09/09 16:11:33 raft_test.go:1608: [0;37m[info] {MsgAppendResponse 2 3 2 0 6 [] 0 <nil> false {} [] 0}[0m
2022/09/09 16:11:33 raft_test.go:1608: [0;37m[info] {MsgPropose 2 2 0 0 0 [] 0 <nil> false {} [] 0}[0m
2022/09/09 16:11:33 raft_test.go:1608: [0;37m[info] {MsgAppend 3 2 2 2 6 [term:2 index:7 ] 6 <nil> false {} [] 0}[0m
2022/09/09 16:11:33 raft_test.go:1608: [0;37m[info] {MsgAppendResponse 2 3 2 0 7 [] 0 <nil> false {} [] 0}[0m
2022/09/09 16:11:33 raft_test.go:1608: [0;37m[info] {MsgAppend 3 2 2 2 7 [] 7 <nil> false {} [] 0}[0m
2022/09/09 16:11:33 raft_test.go:1608: [0;37m[info] {MsgAppendResponse 2 3 2 0 7 [] 0 <nil> false {} [] 0}[0m
2022/09/09 16:11:33 raft_test.go:1608: [0;37m[info] {MsgPropose 2 2 0 0 0 [] 0 <nil> false {} [] 0}[0m
2022/09/09 16:11:33 raft_test.go:1608: [0;37m[info] {MsgAppend 3 2 2 2 7 [term:2 index:8 ] 7 <nil> false {} [] 0}[0m
2022/09/09 16:11:33 raft_test.go:1608: [0;37m[info] {MsgAppendResponse 2 3 2 0 8 [] 0 <nil> false {} [] 0}[0m
2022/09/09 16:11:33 raft_test.go:1608: [0;37m[info] {MsgAppend 3 2 2 2 8 [] 8 <nil> false {} [] 0}[0m
2022/09/09 16:11:33 raft_test.go:1608: [0;37m[info] {MsgAppendResponse 2 3 2 0 8 [] 0 <nil> false {} [] 0}[0m
2022/09/09 16:11:33 raft_test.go:1608: [0;37m[info] {MsgPropose 2 2 0 0 0 [] 0 <nil> false {} [] 0}[0m
2022/09/09 16:11:33 raft_test.go:1608: [0;37m[info] {MsgAppend 3 2 2 2 8 [term:2 index:9 ] 8 <nil> false {} [] 0}[0m
2022/09/09 16:11:33 raft_test.go:1608: [0;37m[info] {MsgAppendResponse 2 3 2 0 9 [] 0 <nil> false {} [] 0}[0m
2022/09/09 16:11:33 raft_test.go:1608: [0;37m[info] {MsgAppend 3 2 2 2 9 [] 9 <nil> false {} [] 0}[0m
2022/09/09 16:11:33 raft_test.go:1608: [0;37m[info] {MsgAppendResponse 2 3 2 0 9 [] 0 <nil> false {} [] 0}[0m
2022/09/09 16:11:33 raft_test.go:1608: [0;37m[info] {MsgPropose 2 2 0 0 0 [] 0 <nil> false {} [] 0}[0m
2022/09/09 16:11:33 raft_test.go:1608: [0;37m[info] {MsgAppend 3 2 2 2 9 [term:2 index:10 ] 9 <nil> false {} [] 0}[0m
2022/09/09 16:11:33 raft_test.go:1608: [0;37m[info] {MsgAppendResponse 2 3 2 0 10 [] 0 <nil> false {} [] 0}[0m
2022/09/09 16:11:33 raft_test.go:1608: [0;37m[info] {MsgAppend 3 2 2 2 10 [] 10 <nil> false {} [] 0}[0m
2022/09/09 16:11:33 raft_test.go:1608: [0;37m[info] {MsgAppendResponse 2 3 2 0 10 [] 0 <nil> false {} [] 0}[0m
2022/09/09 16:11:33 raft_test.go:1608: [0;37m[info] {MsgPropose 2 2 0 0 0 [] 0 <nil> false {} [] 0}[0m
2022/09/09 16:11:33 raft_test.go:1608: [0;37m[info] {MsgAppend 3 2 2 2 10 [term:2 index:11 ] 10 <nil> false {} [] 0}[0m
2022/09/09 16:11:33 raft_test.go:1608: [0;37m[info] {MsgAppendResponse 2 3 2 0 11 [] 0 <nil> false {} [] 0}[0m
2022/09/09 16:11:33 raft_test.go:1608: [0;37m[info] {MsgAppend 3 2 2 2 11 [] 11 <nil> false {} [] 0}[0m
2022/09/09 16:11:33 raft_test.go:1608: [0;37m[info] {MsgAppendResponse 2 3 2 0 11 [] 0 <nil> false {} [] 0}[0m
2022/09/09 16:11:33 raft_test.go:1608: [0;37m[info] {MsgPropose 2 2 0 0 0 [] 0 <nil> false {} [] 0}[0m
2022/09/09 16:11:33 raft_test.go:1608: [0;37m[info] {MsgAppend 3 2 2 2 11 [term:2 index:12 ] 11 <nil> false {} [] 0}[0m
2022/09/09 16:11:33 raft_test.go:1608: [0;37m[info] {MsgAppendResponse 2 3 2 0 12 [] 0 <nil> false {} [] 0}[0m
2022/09/09 16:11:33 raft_test.go:1608: [0;37m[info] {MsgAppend 3 2 2 2 12 [] 12 <nil> false {} [] 0}[0m
2022/09/09 16:11:33 raft_test.go:1608: [0;37m[info] {MsgAppendResponse 2 3 2 0 12 [] 0 <nil> false {} [] 0}[0m
2022/09/09 16:11:33 raft_test.go:1608: [0;37m[info] {MsgBeat 2 2 0 0 0 [] 0 <nil> false {} [] 0}[0m
2022/09/09 16:11:33 raft_test.go:1608: [0;37m[info] {MsgHeartbeat 3 2 2 0 0 [] 12 <nil> false {} [] 0}[0m
2022/09/09 16:11:33 raft_test.go:1608: [0;37m[info] {MsgHeartbeat 1 2 2 0 0 [] 12 <nil> false {} [] 0}[0m
--- PASS: TestHeartbeatUpdateCommit2AB (0.00s)
=== RUN   TestLeaderIncreaseNext2AB
2022/09/09 16:11:33 raft_test.go:1608: [0;37m[info] {MsgHup 1 1 0 0 0 [] 0 <nil> false {} [] 0}[0m
2022/09/09 16:11:33 raft_test.go:1608: [0;37m[info] {MsgRequestVote 2 1 1 1 3 [] 0 <nil> false {} [] 0}[0m
2022/09/09 16:11:33 raft_test.go:1608: [0;37m[info] {MsgRequestVoteResponse 1 2 1 0 0 [] 0 <nil> false {} [] 0}[0m
2022/09/09 16:11:33 raft_test.go:1608: [0;37m[info] {MsgAppend 2 1 1 0 0 [term:1 index:1  term:1 index:2  term:1 index:3  term:1 index:4 ] 0 <nil> false {} [] 0}[0m
2022/09/09 16:11:33 raft_test.go:1608: [0;37m[info] {MsgAppendResponse 1 2 1 0 4 [] 0 <nil> false {} [] 0}[0m
2022/09/09 16:11:33 raft_test.go:1608: [0;37m[info] {MsgAppend 2 1 1 1 4 [] 4 <nil> false {} [] 0}[0m
2022/09/09 16:11:33 raft_test.go:1608: [0;37m[info] {MsgAppendResponse 1 2 1 0 4 [] 0 <nil> false {} [] 0}[0m
2022/09/09 16:11:33 raft_test.go:1608: [0;37m[info] {MsgPropose 1 1 0 0 0 [data:"somedata" ] 0 <nil> false {} [] 0}[0m
2022/09/09 16:11:33 raft_test.go:1608: [0;37m[info] {MsgAppend 2 1 1 1 4 [term:1 index:5 data:"somedata" ] 4 <nil> false {} [] 0}[0m
2022/09/09 16:11:33 raft_test.go:1608: [0;37m[info] {MsgAppendResponse 1 2 1 0 5 [] 0 <nil> false {} [] 0}[0m
2022/09/09 16:11:33 raft_test.go:1608: [0;37m[info] {MsgAppend 2 1 1 1 5 [] 5 <nil> false {} [] 0}[0m
2022/09/09 16:11:33 raft_test.go:1608: [0;37m[info] {MsgAppendResponse 1 2 1 0 5 [] 0 <nil> false {} [] 0}[0m
--- PASS: TestLeaderIncreaseNext2AB (0.00s)
FAIL
FAIL	github.com/pingcap-incubator/tinykv/raft	0.108s
FAIL
